#
# There is insufficient memory for the Java Runtime Environment to continue.
# Native memory allocation (mmap) failed to map 1056964608 bytes for committing reserved memory.
# Possible reasons:
#   The system is out of physical RAM or swap space
#   In 32 bit mode, the process size limit was hit
# Possible solutions:
#   Reduce memory load on the system
#   Increase physical memory or swap space
#   Check if swap backing store is full
#   Use 64 bit Java on a 64 bit OS
#   Decrease Java heap size (-Xmx/-Xms)
#   Decrease number of Java threads
#   Decrease Java thread stack sizes (-Xss)
#   Set larger code cache with -XX:ReservedCodeCacheSize=
# This output file may be truncated or incomplete.
#
#  Out of Memory Error (os_linux.cpp:2640), pid=9794, tid=0x00007f0b7c4f8700
#
# JRE version: Java(TM) SE Runtime Environment (8.0_152-b16) (build 1.8.0_152-b16)
# Java VM: Java HotSpot(TM) 64-Bit Server VM (25.152-b16 mixed mode linux-amd64 compressed oops)
# Failed to write core dump. Core dumps have been disabled. To enable core dumping, try "ulimit -c unlimited" before starting Java again
#

---------------  T H R E A D  ---------------

Current thread (0x00007f0bc00a0000):  VMThread [stack: 0x00007f0b7c3f8000,0x00007f0b7c4f9000] [id=9831]

Stack: [0x00007f0b7c3f8000,0x00007f0b7c4f9000],  sp=0x00007f0b7c4f70a0,  free space=1020k
Native frames: (J=compiled Java code, j=interpreted, Vv=VM code, C=native code)
V  [libjvm.so+0xacf62a]  VMError::report_and_die()+0x2ba
V  [libjvm.so+0x5008bb]  report_vm_out_of_memory(char const*, int, unsigned long, VMErrorType, char const*)+0x8b
V  [libjvm.so+0x92afe3]  os::Linux::commit_memory_impl(char*, unsigned long, bool)+0x103
V  [libjvm.so+0x92b479]  os::pd_commit_memory(char*, unsigned long, unsigned long, bool)+0x29
V  [libjvm.so+0x924aba]  os::commit_memory(char*, unsigned long, unsigned long, bool)+0x2a
V  [libjvm.so+0x99a993]  PSVirtualSpace::expand_by(unsigned long)+0x53
V  [libjvm.so+0x99bd98]  PSYoungGen::resize_generation(unsigned long, unsigned long)+0xf8
V  [libjvm.so+0x99aef2]  PSYoungGen::resize(unsigned long, unsigned long)+0x22
V  [libjvm.so+0x9981cb]  PSScavenge::invoke_no_policy()+0xf3b
V  [libjvm.so+0x998951]  PSScavenge::invoke()+0x41
V  [libjvm.so+0x94f440]  ParallelScavengeHeap::failed_mem_allocate(unsigned long)+0x70
V  [libjvm.so+0xad10a7]  VM_ParallelGCFailedAllocation::doit()+0x97
V  [libjvm.so+0xad8bb5]  VM_Operation::evaluate()+0x55
V  [libjvm.so+0xad6f7a]  VMThread::evaluate_operation(VM_Operation*)+0xba
V  [libjvm.so+0xad72fe]  VMThread::loop()+0x1ce
V  [libjvm.so+0xad7770]  VMThread::run()+0x70
V  [libjvm.so+0x92d8d8]  java_start(Thread*)+0x108

VM_Operation (0x00007f0b7487d410): ParallelGCFailedAllocation, mode: safepoint, requested by thread 0x00007f0bc03aa800


---------------  P R O C E S S  ---------------

Java Threads: ( => current thread )
  0x00007f0bc000b800 JavaThread "DestroyJavaVM" [_thread_blocked, id=9804, stack(0x00007f0bc76c6000,0x00007f0bc77c7000)]
  0x00007f0bc03aa800 JavaThread "AWT-EventQueue-0" [_thread_blocked, id=9859, stack(0x00007f0b7477f000,0x00007f0b74880000)]
  0x00007f0bc03a9000 JavaThread "AWT-Shutdown" [_thread_blocked, id=9858, stack(0x00007f0b74880000,0x00007f0b74981000)]
  0x00007f0bc03a7000 JavaThread "AWT-XAWT" daemon [_thread_blocked, id=9857, stack(0x00007f0b74981000,0x00007f0b74a82000)]
  0x00007f0bc0388800 JavaThread "Java2D Disposer" daemon [_thread_blocked, id=9856, stack(0x00007f0b74e92000,0x00007f0b74f93000)]
  0x00007f0bc010b000 JavaThread "Service Thread" daemon [_thread_blocked, id=9854, stack(0x00007f0b76be7000,0x00007f0b76ce8000)]
  0x00007f0bc0108000 JavaThread "C1 CompilerThread14" daemon [_thread_blocked, id=9853, stack(0x00007f0b76ce8000,0x00007f0b76de9000)]
  0x00007f0bc0106000 JavaThread "C1 CompilerThread13" daemon [_thread_blocked, id=9852, stack(0x00007f0b76de9000,0x00007f0b76eea000)]
  0x00007f0bc0104000 JavaThread "C1 CompilerThread12" daemon [_thread_blocked, id=9851, stack(0x00007f0b76eea000,0x00007f0b76feb000)]
  0x00007f0bc0102800 JavaThread "C1 CompilerThread11" daemon [_thread_blocked, id=9850, stack(0x00007f0b76feb000,0x00007f0b770ec000)]
  0x00007f0bc0100000 JavaThread "C1 CompilerThread10" daemon [_thread_blocked, id=9849, stack(0x00007f0b770ec000,0x00007f0b771ed000)]
  0x00007f0bc00fe000 JavaThread "C2 CompilerThread9" daemon [_thread_blocked, id=9848, stack(0x00007f0b771ed000,0x00007f0b772ee000)]
  0x00007f0bc00fc000 JavaThread "C2 CompilerThread8" daemon [_thread_blocked, id=9847, stack(0x00007f0b772ee000,0x00007f0b773ef000)]
  0x00007f0bc00f9800 JavaThread "C2 CompilerThread7" daemon [_thread_blocked, id=9846, stack(0x00007f0b773ef000,0x00007f0b774f0000)]
  0x00007f0bc00f7800 JavaThread "C2 CompilerThread6" daemon [_thread_blocked, id=9845, stack(0x00007f0b774f0000,0x00007f0b775f1000)]
  0x00007f0bc00f5800 JavaThread "C2 CompilerThread5" daemon [_thread_blocked, id=9844, stack(0x00007f0b775f1000,0x00007f0b776f2000)]
  0x00007f0bc00eb000 JavaThread "C2 CompilerThread4" daemon [_thread_blocked, id=9843, stack(0x00007f0b776f2000,0x00007f0b777f3000)]
  0x00007f0bc00e9000 JavaThread "C2 CompilerThread3" daemon [_thread_blocked, id=9842, stack(0x00007f0b777f3000,0x00007f0b778f4000)]
  0x00007f0bc00e7000 JavaThread "C2 CompilerThread2" daemon [_thread_blocked, id=9841, stack(0x00007f0b778f4000,0x00007f0b779f5000)]
  0x00007f0bc00e5000 JavaThread "C2 CompilerThread1" daemon [_thread_blocked, id=9839, stack(0x00007f0b779f5000,0x00007f0b77af6000)]
  0x00007f0bc00e2000 JavaThread "C2 CompilerThread0" daemon [_thread_blocked, id=9838, stack(0x00007f0b77af6000,0x00007f0b77bf7000)]
  0x00007f0bc00e0800 JavaThread "Signal Dispatcher" daemon [_thread_blocked, id=9837, stack(0x00007f0b7c0f5000,0x00007f0b7c1f6000)]
  0x00007f0bc00ac800 JavaThread "Finalizer" daemon [_thread_blocked, id=9836, stack(0x00007f0b7c1f6000,0x00007f0b7c2f7000)]
  0x00007f0bc00a8000 JavaThread "Reference Handler" daemon [_thread_blocked, id=9835, stack(0x00007f0b7c2f7000,0x00007f0b7c3f8000)]

Other Threads:
=>0x00007f0bc00a0000 VMThread [stack: 0x00007f0b7c3f8000,0x00007f0b7c4f9000] [id=9831]
  0x00007f0bc010f800 WatcherThread [stack: 0x00007f0b76ae6000,0x00007f0b76be7000] [id=9855]

VM state:at safepoint (normal execution)

VM Mutex/Monitor currently owned by a thread:  ([mutex/lock_event])
[0x00007f0bc0007d40] Threads_lock - owner thread: 0x00007f0bc00a0000
[0x00007f0bc0008240] Heap_lock - owner thread: 0x00007f0bc03aa800

Heap:
 PSYoungGen      total 1117696K, used 2318K [0x0000000580100000, 0x00000005c9800000, 0x0000000800000000)
  eden space 1032192K, 0% used [0x0000000580100000,0x0000000580100000,0x00000005bf100000)
  from space 85504K, 2% used [0x00000005bf100000,0x00000005bf343b80,0x00000005c4480000)
  to   space 85504K, 0% used [0x00000005c4480000,0x00000005c4480000,0x00000005c9800000)
 ParOldGen       total 1375232K, used 24K [0x0000000080200000, 0x00000000d4100000, 0x0000000580100000)
  object space 1375232K, 0% used [0x0000000080200000,0x0000000080206000,0x00000000d4100000)
 Metaspace       used 6840K, capacity 7030K, committed 7296K, reserved 1056768K
  class space    used 765K, capacity 846K, committed 896K, reserved 1048576K

Card table byte_map: [0x00007f0bad400000,0x00007f0bb1000000] byte_map_base: 0x00007f0bacfff000

Marking Bits: (ParMarkBitMap*) 0x00007f0bc6b971a0
 Begin Bits: [0x00007f0adc010000, 0x00007f0afa008000)
 End Bits:   [0x00007f0afa008000, 0x00007f0b18000000)

Polling page: 0x00007f0bc77e8000

CodeCache: size=245760Kb used=4301Kb max_used=4313Kb free=241458Kb
 bounds [0x00007f0bb1000000, 0x00007f0bb1440000, 0x00007f0bc0000000]
 total_blobs=775 nmethods=355 adapters=330
 compilation: enabled

Compilation events (10 events):
Event: 0.952 Thread 0x00007f0bc00fe000  351       4       java.lang.AbstractStringBuilder::append (50 bytes)
Event: 0.970 Thread 0x00007f0bc00fe000 nmethod 351 0x00007f0bb1410fd0 code [0x00007f0bb1411140, 0x00007f0bb1411598]
Event: 0.989 Thread 0x00007f0bc00f9800  352       4       java.lang.StringBuilder::append (8 bytes)
Event: 0.997 Thread 0x00007f0bc00f9800 nmethod 352 0x00007f0bb1410610 code [0x00007f0bb1410780, 0x00007f0bb1410bb8]
Event: 1.067 Thread 0x00007f0bc00f5800  353       4       java.util.Arrays::copyOfRange (63 bytes)
Event: 1.071 Thread 0x00007f0bc00f5800 nmethod 353 0x00007f0bb1435690 code [0x00007f0bb14357e0, 0x00007f0bb14359f8]
Event: 1.181 Thread 0x00007f0bc00e2000  354       4       java.lang.String::<init> (82 bytes)
Event: 1.188 Thread 0x00007f0bc0106000  355       3       java.nio.ByteBuffer::arrayOffset (35 bytes)
Event: 1.188 Thread 0x00007f0bc0106000 nmethod 355 0x00007f0bb14143d0 code [0x00007f0bb1414560, 0x00007f0bb1414838]
Event: 1.203 Thread 0x00007f0bc00e2000 nmethod 354 0x00007f0bb1412810 code [0x00007f0bb1412980, 0x00007f0bb1412cb8]

GC Heap History (5 events):
Event: 0.957 GC heap before
{Heap before GC invocations=1 (full 0):
 PSYoungGen      total 601600K, used 516096K [0x0000000580100000, 0x00000005aa000000, 0x0000000800000000)
  eden space 516096K, 100% used [0x0000000580100000,0x000000059f900000,0x000000059f900000)
  from space 85504K, 0% used [0x00000005a4c80000,0x00000005a4c80000,0x00000005aa000000)
  to   space 85504K, 0% used [0x000000059f900000,0x000000059f900000,0x00000005a4c80000)
 ParOldGen       total 1375232K, used 0K [0x0000000080200000, 0x00000000d4100000, 0x0000000580100000)
  object space 1375232K, 0% used [0x0000000080200000,0x0000000080200000,0x00000000d4100000)
 Metaspace       used 6839K, capacity 7030K, committed 7296K, reserved 1056768K
  class space    used 765K, capacity 846K, committed 896K, reserved 1048576K
Event: 0.969 GC heap after
Heap after GC invocations=1 (full 0):
 PSYoungGen      total 601600K, used 1648K [0x0000000580100000, 0x00000005c9800000, 0x0000000800000000)
  eden space 516096K, 0% used [0x0000000580100000,0x0000000580100000,0x000000059f900000)
  from space 85504K, 1% used [0x000000059f900000,0x000000059fa9c250,0x00000005a4c80000)
  to   space 85504K, 0% used [0x00000005c4480000,0x00000005c4480000,0x00000005c9800000)
 ParOldGen       total 1375232K, used 8K [0x0000000080200000, 0x00000000d4100000, 0x0000000580100000)
  object space 1375232K, 0% used [0x0000000080200000,0x0000000080202000,0x00000000d4100000)
 Metaspace       used 6839K, capacity 7030K, committed 7296K, reserved 1056768K
  class space    used 765K, capacity 846K, committed 896K, reserved 1048576K
}
Event: 1.095 GC heap before
{Heap before GC invocations=2 (full 0):
 PSYoungGen      total 601600K, used 517647K [0x0000000580100000, 0x00000005c9800000, 0x0000000800000000)
  eden space 516096K, 99% used [0x0000000580100000,0x000000059f8e7ba8,0x000000059f900000)
  from space 85504K, 1% used [0x000000059f900000,0x000000059fa9c250,0x00000005a4c80000)
  to   space 85504K, 0% used [0x00000005c4480000,0x00000005c4480000,0x00000005c9800000)
 ParOldGen       total 1375232K, used 8K [0x0000000080200000, 0x00000000d4100000, 0x0000000580100000)
  object space 1375232K, 0% used [0x0000000080200000,0x0000000080202000,0x00000000d4100000)
 Metaspace       used 6840K, capacity 7030K, committed 7296K, reserved 1056768K
  class space    used 765K, capacity 846K, committed 896K, reserved 1048576K
Event: 1.102 GC heap after
Heap after GC invocations=2 (full 0):
 PSYoungGen      total 1117696K, used 2051K [0x0000000580100000, 0x00000005c9800000, 0x0000000800000000)
  eden space 1032192K, 0% used [0x0000000580100000,0x0000000580100000,0x00000005bf100000)
  from space 85504K, 2% used [0x00000005c4480000,0x00000005c4680d58,0x00000005c9800000)
  to   space 85504K, 0% used [0x00000005bf100000,0x00000005bf100000,0x00000005c4480000)
 ParOldGen       total 1375232K, used 16K [0x0000000080200000, 0x00000000d4100000, 0x0000000580100000)
  object space 1375232K, 0% used [0x0000000080200000,0x0000000080204000,0x00000000d4100000)
 Metaspace       used 6840K, capacity 7030K, committed 7296K, reserved 1056768K
  class space    used 765K, capacity 846K, committed 896K, reserved 1048576K
}
Event: 4.838 GC heap before
{Heap before GC invocations=3 (full 0):
 PSYoungGen      total 1117696K, used 1034094K [0x0000000580100000, 0x00000005c9800000, 0x0000000800000000)
  eden space 1032192K, 99% used [0x0000000580100000,0x00000005bf0dacd0,0x00000005bf100000)
  from space 85504K, 2% used [0x00000005c4480000,0x00000005c4680d58,0x00000005c9800000)
  to   space 85504K, 0% used [0x00000005bf100000,0x00000005bf100000,0x00000005c4480000)
 ParOldGen       total 1375232K, used 16K [0x0000000080200000, 0x00000000d4100000, 0x0000000580100000)
  object space 1375232K, 0% used [0x0000000080200000,0x0000000080204000,0x00000000d4100000)
 Metaspace       used 6840K, capacity 7030K, committed 7296K, reserved 1056768K
  class space    used 765K, capacity 846K, committed 896K, reserved 1048576K

Deoptimization events (0 events):
No events

Classes redefined (0 events):
No events

Internal exceptions (10 events):
Event: 0.262 Thread 0x00007f0bc000b800 Exception <a 'java/security/PrivilegedActionException'> (0x00000005801d2230) thrown at [/HUDSON/workspace/8-2-build-linux-amd64/jdk8u152/9742/hotspot/src/share/vm/prims/jvm.cpp, line 1390]
Event: 0.262 Thread 0x00007f0bc000b800 Exception <a 'java/security/PrivilegedActionException'> (0x00000005801d2440) thrown at [/HUDSON/workspace/8-2-build-linux-amd64/jdk8u152/9742/hotspot/src/share/vm/prims/jvm.cpp, line 1390]
Event: 0.263 Thread 0x00007f0bc000b800 Exception <a 'java/security/PrivilegedActionException'> (0x00000005801d5008) thrown at [/HUDSON/workspace/8-2-build-linux-amd64/jdk8u152/9742/hotspot/src/share/vm/prims/jvm.cpp, line 1390]
Event: 0.263 Thread 0x00007f0bc000b800 Exception <a 'java/security/PrivilegedActionException'> (0x00000005801d5218) thrown at [/HUDSON/workspace/8-2-build-linux-amd64/jdk8u152/9742/hotspot/src/share/vm/prims/jvm.cpp, line 1390]
Event: 0.314 Thread 0x00007f0bc000b800 Exception <a 'java/lang/NoSuchFieldError': method resolution failed> (0x00000005802a1538) thrown at [/HUDSON/workspace/8-2-build-linux-amd64/jdk8u152/9742/hotspot/src/share/vm/prims/methodHandles.cpp, line 1167]
Event: 0.316 Thread 0x00007f0bc000b800 Exception <a 'java/lang/NoSuchFieldError': method resolution failed> (0x00000005802aec58) thrown at [/HUDSON/workspace/8-2-build-linux-amd64/jdk8u152/9742/hotspot/src/share/vm/prims/methodHandles.cpp, line 1167]
Event: 0.349 Thread 0x00007f0bc000b800 Exception <a 'java/io/FileNotFoundException'> (0x000000058032d788) thrown at [/HUDSON/workspace/8-2-build-linux-amd64/jdk8u152/9742/hotspot/src/share/vm/prims/jni.cpp, line 709]
Event: 0.349 Thread 0x00007f0bc000b800 Exception <a 'java/io/FileNotFoundException'> (0x000000058032e1e0) thrown at [/HUDSON/workspace/8-2-build-linux-amd64/jdk8u152/9742/hotspot/src/share/vm/prims/jni.cpp, line 709]
Event: 0.385 Thread 0x00007f0bc000b800 Exception <a 'java/security/PrivilegedActionException'> (0x000000058036b980) thrown at [/HUDSON/workspace/8-2-build-linux-amd64/jdk8u152/9742/hotspot/src/share/vm/prims/jvm.cpp, line 1390]
Event: 0.385 Thread 0x00007f0bc000b800 Exception <a 'java/security/PrivilegedActionException'> (0x000000058036bb90) thrown at [/HUDSON/workspace/8-2-build-linux-amd64/jdk8u152/9742/hotspot/src/share/vm/prims/jvm.cpp, line 1390]

Events (10 events):
Event: 0.701 Thread 0x00007f0bc03aa800 DEOPT UNPACKING pc=0x00007f0bb1047633 sp=0x00007f0b7487d208 mode 0
Event: 0.865 Thread 0x00007f0bc03aa800 DEOPT PACKING pc=0x00007f0bb1429fcb sp=0x00007f0b7487d000
Event: 0.865 Thread 0x00007f0bc03aa800 DEOPT UNPACKING pc=0x00007f0bb1047633 sp=0x00007f0b7487ce38 mode 0
Event: 0.957 Executing VM operation: ParallelGCFailedAllocation
Event: 0.969 Executing VM operation: ParallelGCFailedAllocation done
Event: 1.095 Executing VM operation: ParallelGCFailedAllocation
Event: 1.102 Executing VM operation: ParallelGCFailedAllocation done
Event: 4.286 Executing VM operation: EnableBiasedLocking
Event: 4.293 Executing VM operation: EnableBiasedLocking done
Event: 4.835 Executing VM operation: ParallelGCFailedAllocation


Dynamic libraries:
00400000-00401000 r-xp 00000000 103:06 3805257                           /usr/local/MATLAB/R2018b/sys/java/jre/glnxa64/jre/bin/java
00600000-00601000 rw-p 00000000 103:06 3805257                           /usr/local/MATLAB/R2018b/sys/java/jre/glnxa64/jre/bin/java
0106c000-0108d000 rw-p 00000000 00:00 0                                  [heap]
80200000-d4100000 rw-p 00000000 00:00 0 
d4100000-580100000 ---p 00000000 00:00 0 
580100000-5c9800000 rw-p 00000000 00:00 0 
608800000-800000000 ---p 00000000 00:00 0 
800000000-8000e0000 rw-p 00000000 00:00 0 
8000e0000-840000000 ---p 00000000 00:00 0 
7f0a78000000-7f0a78021000 rw-p 00000000 00:00 0 
7f0a78021000-7f0a7c000000 ---p 00000000 00:00 0 
7f0a7c000000-7f0a7c021000 rw-p 00000000 00:00 0 
7f0a7c021000-7f0a80000000 ---p 00000000 00:00 0 
7f0a80000000-7f0a80021000 rw-p 00000000 00:00 0 
7f0a80021000-7f0a84000000 ---p 00000000 00:00 0 
7f0a84000000-7f0a84021000 rw-p 00000000 00:00 0 
7f0a84021000-7f0a88000000 ---p 00000000 00:00 0 
7f0a88000000-7f0a88021000 rw-p 00000000 00:00 0 
7f0a88021000-7f0a8c000000 ---p 00000000 00:00 0 
7f0a8c000000-7f0a8c021000 rw-p 00000000 00:00 0 
7f0a8c021000-7f0a90000000 ---p 00000000 00:00 0 
7f0a90000000-7f0a9008a000 rw-p 00000000 00:00 0 
7f0a9008a000-7f0a94000000 ---p 00000000 00:00 0 
7f0a94000000-7f0a940c4000 rw-p 00000000 00:00 0 
7f0a940c4000-7f0a98000000 ---p 00000000 00:00 0 
7f0a98000000-7f0a98091000 rw-p 00000000 00:00 0 
7f0a98091000-7f0a9c000000 ---p 00000000 00:00 0 
7f0a9c000000-7f0a9c071000 rw-p 00000000 00:00 0 
7f0a9c071000-7f0aa0000000 ---p 00000000 00:00 0 
7f0aa0000000-7f0aa0021000 rw-p 00000000 00:00 0 
7f0aa0021000-7f0aa4000000 ---p 00000000 00:00 0 
7f0aa4000000-7f0aa40ad000 rw-p 00000000 00:00 0 
7f0aa40ad000-7f0aa8000000 ---p 00000000 00:00 0 
7f0aa8000000-7f0aa8021000 rw-p 00000000 00:00 0 
7f0aa8021000-7f0aac000000 ---p 00000000 00:00 0 
7f0aac000000-7f0aac021000 rw-p 00000000 00:00 0 
7f0aac021000-7f0ab0000000 ---p 00000000 00:00 0 
7f0ab0000000-7f0ab0021000 rw-p 00000000 00:00 0 
7f0ab0021000-7f0ab4000000 ---p 00000000 00:00 0 
7f0ab4000000-7f0ab4086000 rw-p 00000000 00:00 0 
7f0ab4086000-7f0ab8000000 ---p 00000000 00:00 0 
7f0ab8000000-7f0ab8100000 rw-p 00000000 00:00 0 
7f0ab8100000-7f0abc000000 ---p 00000000 00:00 0 
7f0abc000000-7f0abc021000 rw-p 00000000 00:00 0 
7f0abc021000-7f0ac0000000 ---p 00000000 00:00 0 
7f0ac0000000-7f0ac00c0000 rw-p 00000000 00:00 0 
7f0ac00c0000-7f0ac4000000 ---p 00000000 00:00 0 
7f0ac4000000-7f0ac4071000 rw-p 00000000 00:00 0 
7f0ac4071000-7f0ac8000000 ---p 00000000 00:00 0 
7f0ac8000000-7f0ac8021000 rw-p 00000000 00:00 0 
7f0ac8021000-7f0acc000000 ---p 00000000 00:00 0 
7f0acc000000-7f0acc056000 rw-p 00000000 00:00 0 
7f0acc056000-7f0ad0000000 ---p 00000000 00:00 0 
7f0ad0000000-7f0ad0021000 rw-p 00000000 00:00 0 
7f0ad0021000-7f0ad4000000 ---p 00000000 00:00 0 
7f0ad4000000-7f0ad4021000 rw-p 00000000 00:00 0 
7f0ad4021000-7f0ad8000000 ---p 00000000 00:00 0 
7f0ad8000000-7f0ad828f000 rw-p 00000000 00:00 0 
7f0ad828f000-7f0adc000000 ---p 00000000 00:00 0 
7f0adc010000-7f0b18000000 rw-p 00000000 00:00 0 
7f0b18000000-7f0b18021000 rw-p 00000000 00:00 0 
7f0b18021000-7f0b1c000000 ---p 00000000 00:00 0 
7f0b1c000000-7f0b1c021000 rw-p 00000000 00:00 0 
7f0b1c021000-7f0b20000000 ---p 00000000 00:00 0 
7f0b20000000-7f0b20021000 rw-p 00000000 00:00 0 
7f0b20021000-7f0b24000000 ---p 00000000 00:00 0 
7f0b28000000-7f0b28021000 rw-p 00000000 00:00 0 
7f0b28021000-7f0b2c000000 ---p 00000000 00:00 0 
7f0b30000000-7f0b30021000 rw-p 00000000 00:00 0 
7f0b30021000-7f0b34000000 ---p 00000000 00:00 0 
7f0b38000000-7f0b38021000 rw-p 00000000 00:00 0 
7f0b38021000-7f0b3c000000 ---p 00000000 00:00 0 
7f0b40000000-7f0b40021000 rw-p 00000000 00:00 0 
7f0b40021000-7f0b44000000 ---p 00000000 00:00 0 
7f0b48000000-7f0b48021000 rw-p 00000000 00:00 0 
7f0b48021000-7f0b4c000000 ---p 00000000 00:00 0 
7f0b50000000-7f0b50021000 rw-p 00000000 00:00 0 
7f0b50021000-7f0b54000000 ---p 00000000 00:00 0 
7f0b58000000-7f0b58021000 rw-p 00000000 00:00 0 
7f0b58021000-7f0b5c000000 ---p 00000000 00:00 0 
7f0b60000000-7f0b60021000 rw-p 00000000 00:00 0 
7f0b60021000-7f0b64000000 ---p 00000000 00:00 0 
7f0b68000000-7f0b68021000 rw-p 00000000 00:00 0 
7f0b68021000-7f0b6c000000 ---p 00000000 00:00 0 
7f0b70000000-7f0b70021000 rw-p 00000000 00:00 0 
7f0b70021000-7f0b74000000 ---p 00000000 00:00 0 
7f0b7477f000-7f0b74782000 ---p 00000000 00:00 0 
7f0b74782000-7f0b74880000 rw-p 00000000 00:00 0 
7f0b74880000-7f0b74883000 ---p 00000000 00:00 0 
7f0b74883000-7f0b74981000 rw-p 00000000 00:00 0 
7f0b74981000-7f0b74984000 ---p 00000000 00:00 0 
7f0b74984000-7f0b74a82000 rw-p 00000000 00:00 0 
7f0b74a82000-7f0b74a87000 r-xp 00000000 103:06 1319060                   /usr/lib/x86_64-linux-gnu/libXfixes.so.3.1.0
7f0b74a87000-7f0b74c86000 ---p 00005000 103:06 1319060                   /usr/lib/x86_64-linux-gnu/libXfixes.so.3.1.0
7f0b74c86000-7f0b74c87000 r--p 00004000 103:06 1319060                   /usr/lib/x86_64-linux-gnu/libXfixes.so.3.1.0
7f0b74c87000-7f0b74c88000 rw-p 00005000 103:06 1319060                   /usr/lib/x86_64-linux-gnu/libXfixes.so.3.1.0
7f0b74c88000-7f0b74c91000 r-xp 00000000 103:06 1310779                   /usr/lib/x86_64-linux-gnu/libXcursor.so.1.0.2
7f0b74c91000-7f0b74e90000 ---p 00009000 103:06 1310779                   /usr/lib/x86_64-linux-gnu/libXcursor.so.1.0.2
7f0b74e90000-7f0b74e91000 r--p 00008000 103:06 1310779                   /usr/lib/x86_64-linux-gnu/libXcursor.so.1.0.2
7f0b74e91000-7f0b74e92000 rw-p 00009000 103:06 1310779                   /usr/lib/x86_64-linux-gnu/libXcursor.so.1.0.2
7f0b74e92000-7f0b74e95000 ---p 00000000 00:00 0 
7f0b74e95000-7f0b74f93000 rw-p 00000000 00:00 0 
7f0b74f93000-7f0b74fa9000 r-xp 00000000 103:06 4200953                   /usr/local/MATLAB/R2018b/sys/os/glnxa64/libgcc_s.so.1
7f0b74fa9000-7f0b751a8000 ---p 00016000 103:06 4200953                   /usr/local/MATLAB/R2018b/sys/os/glnxa64/libgcc_s.so.1
7f0b751a8000-7f0b751a9000 r--p 00015000 103:06 4200953                   /usr/local/MATLAB/R2018b/sys/os/glnxa64/libgcc_s.so.1
7f0b751a9000-7f0b751aa000 rw-p 00016000 103:06 4200953                   /usr/local/MATLAB/R2018b/sys/os/glnxa64/libgcc_s.so.1
7f0b751aa000-7f0b7520f000 r-xp 00000000 103:06 4465223                   /usr/local/MATLAB/R2018b/sys/java/jre/glnxa64/jre/lib/amd64/libfontmanager.so
7f0b7520f000-7f0b7540e000 ---p 00065000 103:06 4465223                   /usr/local/MATLAB/R2018b/sys/java/jre/glnxa64/jre/lib/amd64/libfontmanager.so
7f0b7540e000-7f0b75413000 rw-p 00064000 103:06 4465223                   /usr/local/MATLAB/R2018b/sys/java/jre/glnxa64/jre/lib/amd64/libfontmanager.so
7f0b75413000-7f0b75423000 rw-p 00000000 00:00 0 
7f0b75423000-7f0b75428000 r-xp 00000000 103:06 1319056                   /usr/lib/x86_64-linux-gnu/libXdmcp.so.6.0.0
7f0b75428000-7f0b75627000 ---p 00005000 103:06 1319056                   /usr/lib/x86_64-linux-gnu/libXdmcp.so.6.0.0
7f0b75627000-7f0b75628000 r--p 00004000 103:06 1319056                   /usr/lib/x86_64-linux-gnu/libXdmcp.so.6.0.0
7f0b75628000-7f0b75629000 rw-p 00005000 103:06 1319056                   /usr/lib/x86_64-linux-gnu/libXdmcp.so.6.0.0
7f0b75629000-7f0b7562b000 r-xp 00000000 103:06 1319045                   /usr/lib/x86_64-linux-gnu/libXau.so.6.0.0
7f0b7562b000-7f0b7582b000 ---p 00002000 103:06 1319045                   /usr/lib/x86_64-linux-gnu/libXau.so.6.0.0
7f0b7582b000-7f0b7582c000 r--p 00002000 103:06 1319045                   /usr/lib/x86_64-linux-gnu/libXau.so.6.0.0
7f0b7582c000-7f0b7582d000 rw-p 00003000 103:06 1319045                   /usr/lib/x86_64-linux-gnu/libXau.so.6.0.0
7f0b7582d000-7f0b7584e000 r-xp 00000000 103:06 1320454                   /usr/lib/x86_64-linux-gnu/libxcb.so.1.1.0
7f0b7584e000-7f0b75a4d000 ---p 00021000 103:06 1320454                   /usr/lib/x86_64-linux-gnu/libxcb.so.1.1.0
7f0b75a4d000-7f0b75a4e000 r--p 00020000 103:06 1320454                   /usr/lib/x86_64-linux-gnu/libxcb.so.1.1.0
7f0b75a4e000-7f0b75a4f000 rw-p 00021000 103:06 1320454                   /usr/lib/x86_64-linux-gnu/libxcb.so.1.1.0
7f0b75a4f000-7f0b75a5e000 r-xp 00000000 103:06 1319066                   /usr/lib/x86_64-linux-gnu/libXi.so.6.1.0
7f0b75a5e000-7f0b75c5d000 ---p 0000f000 103:06 1319066                   /usr/lib/x86_64-linux-gnu/libXi.so.6.1.0
7f0b75c5d000-7f0b75c5e000 r--p 0000e000 103:06 1319066                   /usr/lib/x86_64-linux-gnu/libXi.so.6.1.0
7f0b75c5e000-7f0b75c5f000 rw-p 0000f000 103:06 1319066                   /usr/lib/x86_64-linux-gnu/libXi.so.6.1.0
7f0b75c5f000-7f0b75c64000 r-xp 00000000 103:06 1319084                   /usr/lib/x86_64-linux-gnu/libXtst.so.6.1.0
7f0b75c64000-7f0b75e63000 ---p 00005000 103:06 1319084                   /usr/lib/x86_64-linux-gnu/libXtst.so.6.1.0
7f0b75e63000-7f0b75e64000 r--p 00004000 103:06 1319084                   /usr/lib/x86_64-linux-gnu/libXtst.so.6.1.0
7f0b75e64000-7f0b75e65000 rw-p 00005000 103:06 1319084                   /usr/lib/x86_64-linux-gnu/libXtst.so.6.1.0
7f0b75e65000-7f0b75e6e000 r-xp 00000000 103:06 1319078                   /usr/lib/x86_64-linux-gnu/libXrender.so.1.3.0
7f0b75e6e000-7f0b7606d000 ---p 00009000 103:06 1319078                   /usr/lib/x86_64-linux-gnu/libXrender.so.1.3.0
7f0b7606d000-7f0b7606e000 r--p 00008000 103:06 1319078                   /usr/lib/x86_64-linux-gnu/libXrender.so.1.3.0
7f0b7606e000-7f0b7606f000 rw-p 00009000 103:06 1319078                   /usr/lib/x86_64-linux-gnu/libXrender.so.1.3.0
7f0b7606f000-7f0b761a4000 r-xp 00000000 103:06 1312731                   /usr/lib/x86_64-linux-gnu/libX11.so.6.3.0
7f0b761a4000-7f0b763a4000 ---p 00135000 103:06 1312731                   /usr/lib/x86_64-linux-gnu/libX11.so.6.3.0
7f0b763a4000-7f0b763a5000 r--p 00135000 103:06 1312731                   /usr/lib/x86_64-linux-gnu/libX11.so.6.3.0
7f0b763a5000-7f0b763a9000 rw-p 00136000 103:06 1312731                   /usr/lib/x86_64-linux-gnu/libX11.so.6.3.0
7f0b763a9000-7f0b763ba000 r-xp 00000000 103:06 1319058                   /usr/lib/x86_64-linux-gnu/libXext.so.6.4.0
7f0b763ba000-7f0b765b9000 ---p 00011000 103:06 1319058                   /usr/lib/x86_64-linux-gnu/libXext.so.6.4.0
7f0b765b9000-7f0b765ba000 r--p 00010000 103:06 1319058                   /usr/lib/x86_64-linux-gnu/libXext.so.6.4.0
7f0b765ba000-7f0b765bb000 rw-p 00011000 103:06 1319058                   /usr/lib/x86_64-linux-gnu/libXext.so.6.4.0
7f0b765bb000-7f0b7660f000 r-xp 00000000 103:06 4465191                   /usr/local/MATLAB/R2018b/sys/java/jre/glnxa64/jre/lib/amd64/libawt_xawt.so
7f0b7660f000-7f0b7680f000 ---p 00054000 103:06 4465191                   /usr/local/MATLAB/R2018b/sys/java/jre/glnxa64/jre/lib/amd64/libawt_xawt.so
7f0b7680f000-7f0b76813000 rw-p 00054000 103:06 4465191                   /usr/local/MATLAB/R2018b/sys/java/jre/glnxa64/jre/lib/amd64/libawt_xawt.so
7f0b76813000-7f0b76814000 rw-p 00000000 00:00 0 
7f0b76814000-7f0b768b6000 r-xp 00000000 103:06 4465221                   /usr/local/MATLAB/R2018b/sys/java/jre/glnxa64/jre/lib/amd64/libawt.so
7f0b768b6000-7f0b76ab6000 ---p 000a2000 103:06 4465221                   /usr/local/MATLAB/R2018b/sys/java/jre/glnxa64/jre/lib/amd64/libawt.so
7f0b76ab6000-7f0b76ac2000 rw-p 000a2000 103:06 4465221                   /usr/local/MATLAB/R2018b/sys/java/jre/glnxa64/jre/lib/amd64/libawt.so
7f0b76ac2000-7f0b76ae6000 rw-p 00000000 00:00 0 
7f0b76ae6000-7f0b76ae7000 ---p 00000000 00:00 0 
7f0b76ae7000-7f0b76be7000 rw-p 00000000 00:00 0 
7f0b76be7000-7f0b76bea000 ---p 00000000 00:00 0 
7f0b76bea000-7f0b76ce8000 rw-p 00000000 00:00 0 
7f0b76ce8000-7f0b76ceb000 ---p 00000000 00:00 0 
7f0b76ceb000-7f0b76de9000 rw-p 00000000 00:00 0 
7f0b76de9000-7f0b76dec000 ---p 00000000 00:00 0 
7f0b76dec000-7f0b76eea000 rw-p 00000000 00:00 0 
7f0b76eea000-7f0b76eed000 ---p 00000000 00:00 0 
7f0b76eed000-7f0b76feb000 rw-p 00000000 00:00 0 
7f0b76feb000-7f0b76fee000 ---p 00000000 00:00 0 
7f0b76fee000-7f0b770ec000 rw-p 00000000 00:00 0 
7f0b770ec000-7f0b770ef000 ---p 00000000 00:00 0 
7f0b770ef000-7f0b771ed000 rw-p 00000000 00:00 0 
7f0b771ed000-7f0b771f0000 ---p 00000000 00:00 0 
7f0b771f0000-7f0b772ee000 rw-p 00000000 00:00 0 
7f0b772ee000-7f0b772f1000 ---p 00000000 00:00 0 
7f0b772f1000-7f0b773ef000 rw-p 00000000 00:00 0 
7f0b773ef000-7f0b773f2000 ---p 00000000 00:00 0 
7f0b773f2000-7f0b774f0000 rw-p 00000000 00:00 0 
7f0b774f0000-7f0b774f3000 ---p 00000000 00:00 0 
7f0b774f3000-7f0b775f1000 rw-p 00000000 00:00 0 
7f0b775f1000-7f0b775f4000 ---p 00000000 00:00 0 
7f0b775f4000-7f0b776f2000 rw-p 00000000 00:00 0 
7f0b776f2000-7f0b776f5000 ---p 00000000 00:00 0 
7f0b776f5000-7f0b777f3000 rw-p 00000000 00:00 0 
7f0b777f3000-7f0b777f6000 ---p 00000000 00:00 0 
7f0b777f6000-7f0b778f4000 rw-p 00000000 00:00 0 
7f0b778f4000-7f0b778f7000 ---p 00000000 00:00 0 
7f0b778f7000-7f0b779f5000 rw-p 00000000 00:00 0 
7f0b779f5000-7f0b779f8000 ---p 00000000 00:00 0 
7f0b779f8000-7f0b77af6000 rw-p 00000000 00:00 0 
7f0b77af6000-7f0b77af9000 ---p 00000000 00:00 0 
7f0b77af9000-7f0b77bf7000 rw-p 00000000 00:00 0 
7f0b77bf7000-7f0b78000000 r--p 00000000 103:06 1313338                   /usr/lib/locale/locale-archive
7f0b78000000-7f0b78021000 rw-p 00000000 00:00 0 
7f0b78021000-7f0b7c000000 ---p 00000000 00:00 0 
7f0b7c045000-7f0b7c046000 r--s 00000000 103:06 2648025                   /usr/local/MATLAB/R2018b/java/jar/zh_CN/fatalexit_res.jar
7f0b7c046000-7f0b7c04a000 r--s 0001f000 103:06 1582369                   /usr/local/MATLAB/R2018b/java/jarext/axis2/XmlSchema.jar
7f0b7c04a000-7f0b7c050000 r--s 0007a000 103:06 1582368                   /usr/local/MATLAB/R2018b/java/jarext/axis2/wstx-asl.jar
7f0b7c050000-7f0b7c055000 r--s 00020000 103:06 1582367                   /usr/local/MATLAB/R2018b/java/jarext/axis2/wsdl4j.jar
7f0b7c055000-7f0b7c05b000 r--s 00059000 103:06 1582365                   /usr/local/MATLAB/R2018b/java/jarext/axis2/mail.jar
7f0b7c05b000-7f0b7c060000 r--s 00026000 103:06 1582364                   /usr/local/MATLAB/R2018b/java/jarext/axis2/httpcore.jar
7f0b7c060000-7f0b7c0f5000 r--s 01113000 103:06 4465271                   /usr/local/MATLAB/R2018b/sys/java/jre/glnxa64/jre/lib/ext/jfxrt.jar
7f0b7c0f5000-7f0b7c0f8000 ---p 00000000 00:00 0 
7f0b7c0f8000-7f0b7c1f6000 rw-p 00000000 00:00 0 
7f0b7c1f6000-7f0b7c1f9000 ---p 00000000 00:00 0 
7f0b7c1f9000-7f0b7c2f7000 rw-p 00000000 00:00 0 
7f0b7c2f7000-7f0b7c2fa000 ---p 00000000 00:00 0 
7f0b7c2fa000-7f0b7c3f8000 rw-p 00000000 00:00 0 
7f0b7c3f8000-7f0b7c3f9000 ---p 00000000 00:00 0 
7f0b7c3f9000-7f0b80000000 rw-p 00000000 00:00 0 
7f0b80000000-7f0b80021000 rw-p 00000000 00:00 0 
7f0b80021000-7f0b84000000 ---p 00000000 00:00 0 
7f0b84000000-7f0b84002000 r--s 00007000 103:06 1582366                   /usr/local/MATLAB/R2018b/java/jarext/axis2/neethi.jar
7f0b84002000-7f0b84004000 r--s 00006000 103:06 1582363                   /usr/local/MATLAB/R2018b/java/jarext/axis2/geronimo-stax-api.jar
7f0b84004000-7f0b8400a000 r--s 00045000 103:06 1582362                   /usr/local/MATLAB/R2018b/java/jarext/axis2/commons-httpclient.jar
7f0b8400a000-7f0b84017000 r--s 000e8000 103:06 1582359                   /usr/local/MATLAB/R2018b/java/jarext/axis2/axis2-kernel.jar
7f0b84017000-7f0b88000000 rw-p 00000000 00:00 0 
7f0b88000000-7f0b88021000 rw-p 00000000 00:00 0 
7f0b88021000-7f0b8c000000 ---p 00000000 00:00 0 
7f0b8c000000-7f0b8c021000 rw-p 00000000 00:00 0 
7f0b8c021000-7f0b90000000 ---p 00000000 00:00 0 
7f0b90000000-7f0b90021000 rw-p 00000000 00:00 0 
7f0b90021000-7f0b94000000 ---p 00000000 00:00 0 
7f0b94000000-7f0b94021000 rw-p 00000000 00:00 0 
7f0b94021000-7f0b98000000 ---p 00000000 00:00 0 
7f0b98000000-7f0b98021000 rw-p 00000000 00:00 0 
7f0b98021000-7f0b9c000000 ---p 00000000 00:00 0 
7f0b9c000000-7f0b9c021000 rw-p 00000000 00:00 0 
7f0b9c021000-7f0ba0000000 ---p 00000000 00:00 0 
7f0ba0000000-7f0ba0021000 rw-p 00000000 00:00 0 
7f0ba0021000-7f0ba4000000 ---p 00000000 00:00 0 
7f0ba4000000-7f0ba4021000 rw-p 00000000 00:00 0 
7f0ba4021000-7f0ba8000000 ---p 00000000 00:00 0 
7f0ba8000000-7f0ba8001000 r--s 00000000 103:06 2378956                   /usr/local/MATLAB/R2018b/java/jar/ja_JP/fatalexit_res.jar
7f0ba8001000-7f0ba8004000 r--s 00023000 103:06 1582360                   /usr/local/MATLAB/R2018b/java/jarext/axis2/axis2-transport-http.jar
7f0ba8004000-7f0ba800f000 r--s 000b4000 103:06 1582358                   /usr/local/MATLAB/R2018b/java/jarext/axis2/axis2-adb.jar
7f0ba800f000-7f0ba8018000 r--s 0005d000 103:06 1582356                   /usr/local/MATLAB/R2018b/java/jarext/axis2/axiom-api.jar
7f0ba8018000-7f0ba8c45000 rw-p 00000000 00:00 0 
7f0ba8c45000-7f0ba8e1f000 r--s 03d5f000 103:06 3939342                   /usr/local/MATLAB/R2018b/sys/java/jre/glnxa64/jre/lib/rt.jar
7f0ba8e1f000-7f0ba94d5000 rw-p 00000000 00:00 0 
7f0ba94d5000-7f0ba9695000 ---p 00000000 00:00 0 
7f0ba9695000-7f0ba98ed000 rw-p 00000000 00:00 0 
7f0ba98ed000-7f0ba98ee000 ---p 00000000 00:00 0 
7f0ba98ee000-7f0ba99ee000 rw-p 00000000 00:00 0 
7f0ba99ee000-7f0ba99ef000 ---p 00000000 00:00 0 
7f0ba99ef000-7f0ba9aef000 rw-p 00000000 00:00 0 
7f0ba9aef000-7f0ba9af0000 ---p 00000000 00:00 0 
7f0ba9af0000-7f0ba9bf0000 rw-p 00000000 00:00 0 
7f0ba9bf0000-7f0ba9bf1000 ---p 00000000 00:00 0 
7f0ba9bf1000-7f0ba9cf1000 rw-p 00000000 00:00 0 
7f0ba9cf1000-7f0ba9cf2000 ---p 00000000 00:00 0 
7f0ba9cf2000-7f0ba9df2000 rw-p 00000000 00:00 0 
7f0ba9df2000-7f0ba9df3000 ---p 00000000 00:00 0 
7f0ba9df3000-7f0ba9ef3000 rw-p 00000000 00:00 0 
7f0ba9ef3000-7f0ba9ef4000 ---p 00000000 00:00 0 
7f0ba9ef4000-7f0ba9ff4000 rw-p 00000000 00:00 0 
7f0ba9ff4000-7f0ba9ff5000 ---p 00000000 00:00 0 
7f0ba9ff5000-7f0baa0f5000 rw-p 00000000 00:00 0 
7f0baa0f5000-7f0baa0f6000 ---p 00000000 00:00 0 
7f0baa0f6000-7f0baa1f6000 rw-p 00000000 00:00 0 
7f0baa1f6000-7f0baa1f7000 ---p 00000000 00:00 0 
7f0baa1f7000-7f0baa2f7000 rw-p 00000000 00:00 0 
7f0baa2f7000-7f0baa2f8000 ---p 00000000 00:00 0 
7f0baa2f8000-7f0baa3f8000 rw-p 00000000 00:00 0 
7f0baa3f8000-7f0baa3f9000 ---p 00000000 00:00 0 
7f0baa3f9000-7f0baa4f9000 rw-p 00000000 00:00 0 
7f0baa4f9000-7f0baa4fa000 ---p 00000000 00:00 0 
7f0baa4fa000-7f0baa5fa000 rw-p 00000000 00:00 0 
7f0baa5fa000-7f0baa5fb000 ---p 00000000 00:00 0 
7f0baa5fb000-7f0baa6fb000 rw-p 00000000 00:00 0 
7f0baa6fb000-7f0baa6fc000 ---p 00000000 00:00 0 
7f0baa6fc000-7f0baa7fc000 rw-p 00000000 00:00 0 
7f0baa7fc000-7f0baa7fd000 ---p 00000000 00:00 0 
7f0baa7fd000-7f0baa8fd000 rw-p 00000000 00:00 0 
7f0baa8fd000-7f0baa8fe000 ---p 00000000 00:00 0 
7f0baa8fe000-7f0baa9fe000 rw-p 00000000 00:00 0 
7f0baa9fe000-7f0baa9ff000 ---p 00000000 00:00 0 
7f0baa9ff000-7f0baaaff000 rw-p 00000000 00:00 0 
7f0baaaff000-7f0baab00000 ---p 00000000 00:00 0 
7f0baab00000-7f0baaea0000 rw-p 00000000 00:00 0 
7f0baaea0000-7f0bad400000 ---p 00000000 00:00 0 
7f0bad400000-7f0bad6a0000 rw-p 00000000 00:00 0 
7f0bad6a0000-7f0bafbff000 ---p 00000000 00:00 0 
7f0bafbff000-7f0bafe4b000 rw-p 00000000 00:00 0 
7f0bafe4b000-7f0bb0fff000 ---p 00000000 00:00 0 
7f0bb0fff000-7f0bb1000000 rw-p 00000000 00:00 0 
7f0bb1000000-7f0bb1440000 rwxp 00000000 00:00 0 
7f0bb1440000-7f0bc0000000 ---p 00000000 00:00 0 
7f0bc0000000-7f0bc0535000 rw-p 00000000 00:00 0 
7f0bc0535000-7f0bc4000000 ---p 00000000 00:00 0 
7f0bc4000000-7f0bc4003000 r--s 0001b000 103:06 1582357                   /usr/local/MATLAB/R2018b/java/jarext/axis2/axiom-impl.jar
7f0bc4003000-7f0bc4005000 r--s 0000e000 103:06 1582355                   /usr/local/MATLAB/R2018b/java/jarext/axis2/activation.jar
7f0bc4005000-7f0bc400d000 r--s 00053000 103:06 1582085                   /usr/local/MATLAB/R2018b/java/jarext/jgoodies-looks.jar
7f0bc400d000-7f0bc401a000 r--s 000a7000 103:06 1582064                   /usr/local/MATLAB/R2018b/java/jarext/webservices/urlmanager/urlmanager.jar
7f0bc401a000-7f0bc405c000 rw-p 00000000 00:00 0 
7f0bc405c000-7f0bc405d000 ---p 00000000 00:00 0 
7f0bc405d000-7f0bc415d000 rw-p 00000000 00:00 0 
7f0bc415d000-7f0bc415e000 ---p 00000000 00:00 0 
7f0bc415e000-7f0bc425e000 rw-p 00000000 00:00 0 
7f0bc425e000-7f0bc425f000 ---p 00000000 00:00 0 
7f0bc425f000-7f0bc435f000 rw-p 00000000 00:00 0 
7f0bc435f000-7f0bc4360000 ---p 00000000 00:00 0 
7f0bc4360000-7f0bc4471000 rw-p 00000000 00:00 0 
7f0bc4471000-7f0bc4820000 ---p 00000000 00:00 0 
7f0bc4820000-7f0bc483b000 r-xp 00000000 103:06 4465218                   /usr/local/MATLAB/R2018b/sys/java/jre/glnxa64/jre/lib/amd64/libzip.so
7f0bc483b000-7f0bc4a3b000 ---p 0001b000 103:06 4465218                   /usr/local/MATLAB/R2018b/sys/java/jre/glnxa64/jre/lib/amd64/libzip.so
7f0bc4a3b000-7f0bc4a3c000 rw-p 0001b000 103:06 4465218                   /usr/local/MATLAB/R2018b/sys/java/jre/glnxa64/jre/lib/amd64/libzip.so
7f0bc4a3c000-7f0bc4a47000 r-xp 00000000 103:06 5771023                   /lib/x86_64-linux-gnu/libnss_files-2.23.so
7f0bc4a47000-7f0bc4c46000 ---p 0000b000 103:06 5771023                   /lib/x86_64-linux-gnu/libnss_files-2.23.so
7f0bc4c46000-7f0bc4c47000 r--p 0000a000 103:06 5771023                   /lib/x86_64-linux-gnu/libnss_files-2.23.so
7f0bc4c47000-7f0bc4c48000 rw-p 0000b000 103:06 5771023                   /lib/x86_64-linux-gnu/libnss_files-2.23.so
7f0bc4c48000-7f0bc4c4e000 rw-p 00000000 00:00 0 
7f0bc4c4e000-7f0bc4c59000 r-xp 00000000 103:06 5771030                   /lib/x86_64-linux-gnu/libnss_nis-2.23.so
7f0bc4c59000-7f0bc4e58000 ---p 0000b000 103:06 5771030                   /lib/x86_64-linux-gnu/libnss_nis-2.23.so
7f0bc4e58000-7f0bc4e59000 r--p 0000a000 103:06 5771030                   /lib/x86_64-linux-gnu/libnss_nis-2.23.so
7f0bc4e59000-7f0bc4e5a000 rw-p 0000b000 103:06 5771030                   /lib/x86_64-linux-gnu/libnss_nis-2.23.so
7f0bc4e5a000-7f0bc4e70000 r-xp 00000000 103:06 5771031                   /lib/x86_64-linux-gnu/libnsl-2.23.so
7f0bc4e70000-7f0bc506f000 ---p 00016000 103:06 5771031                   /lib/x86_64-linux-gnu/libnsl-2.23.so
7f0bc506f000-7f0bc5070000 r--p 00015000 103:06 5771031                   /lib/x86_64-linux-gnu/libnsl-2.23.so
7f0bc5070000-7f0bc5071000 rw-p 00016000 103:06 5771031                   /lib/x86_64-linux-gnu/libnsl-2.23.so
7f0bc5071000-7f0bc5073000 rw-p 00000000 00:00 0 
7f0bc5073000-7f0bc507b000 r-xp 00000000 103:06 5771033                   /lib/x86_64-linux-gnu/libnss_compat-2.23.so
7f0bc507b000-7f0bc527a000 ---p 00008000 103:06 5771033                   /lib/x86_64-linux-gnu/libnss_compat-2.23.so
7f0bc527a000-7f0bc527b000 r--p 00007000 103:06 5771033                   /lib/x86_64-linux-gnu/libnss_compat-2.23.so
7f0bc527b000-7f0bc527c000 rw-p 00008000 103:06 5771033                   /lib/x86_64-linux-gnu/libnss_compat-2.23.so
7f0bc527c000-7f0bc52a7000 r-xp 00000000 103:06 4465217                   /usr/local/MATLAB/R2018b/sys/java/jre/glnxa64/jre/lib/amd64/libjava.so
7f0bc52a7000-7f0bc54a6000 ---p 0002b000 103:06 4465217                   /usr/local/MATLAB/R2018b/sys/java/jre/glnxa64/jre/lib/amd64/libjava.so
7f0bc54a6000-7f0bc54a8000 rw-p 0002a000 103:06 4465217                   /usr/local/MATLAB/R2018b/sys/java/jre/glnxa64/jre/lib/amd64/libjava.so
7f0bc54a8000-7f0bc54b5000 r-xp 00000000 103:06 4465231                   /usr/local/MATLAB/R2018b/sys/java/jre/glnxa64/jre/lib/amd64/libverify.so
7f0bc54b5000-7f0bc56b5000 ---p 0000d000 103:06 4465231                   /usr/local/MATLAB/R2018b/sys/java/jre/glnxa64/jre/lib/amd64/libverify.so
7f0bc56b5000-7f0bc56b7000 rw-p 0000d000 103:06 4465231                   /usr/local/MATLAB/R2018b/sys/java/jre/glnxa64/jre/lib/amd64/libverify.so
7f0bc56b7000-7f0bc56be000 r-xp 00000000 103:06 5771022                   /lib/x86_64-linux-gnu/librt-2.23.so
7f0bc56be000-7f0bc58bd000 ---p 00007000 103:06 5771022                   /lib/x86_64-linux-gnu/librt-2.23.so
7f0bc58bd000-7f0bc58be000 r--p 00006000 103:06 5771022                   /lib/x86_64-linux-gnu/librt-2.23.so
7f0bc58be000-7f0bc58bf000 rw-p 00007000 103:06 5771022                   /lib/x86_64-linux-gnu/librt-2.23.so
7f0bc58bf000-7f0bc59c7000 r-xp 00000000 103:06 5771027                   /lib/x86_64-linux-gnu/libm-2.23.so
7f0bc59c7000-7f0bc5bc6000 ---p 00108000 103:06 5771027                   /lib/x86_64-linux-gnu/libm-2.23.so
7f0bc5bc6000-7f0bc5bc7000 r--p 00107000 103:06 5771027                   /lib/x86_64-linux-gnu/libm-2.23.so
7f0bc5bc7000-7f0bc5bc8000 rw-p 00108000 103:06 5771027                   /lib/x86_64-linux-gnu/libm-2.23.so
7f0bc5bc8000-7f0bc68a0000 r-xp 00000000 103:06 4465254                   /usr/local/MATLAB/R2018b/sys/java/jre/glnxa64/jre/lib/amd64/server/libjvm.so
7f0bc68a0000-7f0bc6a9f000 ---p 00cd8000 103:06 4465254                   /usr/local/MATLAB/R2018b/sys/java/jre/glnxa64/jre/lib/amd64/server/libjvm.so
7f0bc6a9f000-7f0bc6b79000 rw-p 00cd7000 103:06 4465254                   /usr/local/MATLAB/R2018b/sys/java/jre/glnxa64/jre/lib/amd64/server/libjvm.so
7f0bc6b79000-7f0bc6bc4000 rw-p 00000000 00:00 0 
7f0bc6bc4000-7f0bc6d84000 r-xp 00000000 103:06 5771032                   /lib/x86_64-linux-gnu/libc-2.23.so
7f0bc6d84000-7f0bc6f84000 ---p 001c0000 103:06 5771032                   /lib/x86_64-linux-gnu/libc-2.23.so
7f0bc6f84000-7f0bc6f88000 r--p 001c0000 103:06 5771032                   /lib/x86_64-linux-gnu/libc-2.23.so
7f0bc6f88000-7f0bc6f8a000 rw-p 001c4000 103:06 5771032                   /lib/x86_64-linux-gnu/libc-2.23.so
7f0bc6f8a000-7f0bc6f8e000 rw-p 00000000 00:00 0 
7f0bc6f8e000-7f0bc6f91000 r-xp 00000000 103:06 5771019                   /lib/x86_64-linux-gnu/libdl-2.23.so
7f0bc6f91000-7f0bc7190000 ---p 00003000 103:06 5771019                   /lib/x86_64-linux-gnu/libdl-2.23.so
7f0bc7190000-7f0bc7191000 r--p 00002000 103:06 5771019                   /lib/x86_64-linux-gnu/libdl-2.23.so
7f0bc7191000-7f0bc7192000 rw-p 00003000 103:06 5771019                   /lib/x86_64-linux-gnu/libdl-2.23.so
7f0bc7192000-7f0bc71a8000 r-xp 00000000 103:06 4465256                   /usr/local/MATLAB/R2018b/sys/java/jre/glnxa64/jre/lib/amd64/jli/libjli.so
7f0bc71a8000-7f0bc73a7000 ---p 00016000 103:06 4465256                   /usr/local/MATLAB/R2018b/sys/java/jre/glnxa64/jre/lib/amd64/jli/libjli.so
7f0bc73a7000-7f0bc73a8000 rw-p 00015000 103:06 4465256                   /usr/local/MATLAB/R2018b/sys/java/jre/glnxa64/jre/lib/amd64/jli/libjli.so
7f0bc73a8000-7f0bc73c0000 r-xp 00000000 103:06 5771014                   /lib/x86_64-linux-gnu/libpthread-2.23.so
7f0bc73c0000-7f0bc75bf000 ---p 00018000 103:06 5771014                   /lib/x86_64-linux-gnu/libpthread-2.23.so
7f0bc75bf000-7f0bc75c0000 r--p 00017000 103:06 5771014                   /lib/x86_64-linux-gnu/libpthread-2.23.so
7f0bc75c0000-7f0bc75c1000 rw-p 00018000 103:06 5771014                   /lib/x86_64-linux-gnu/libpthread-2.23.so
7f0bc75c1000-7f0bc75c5000 rw-p 00000000 00:00 0 
7f0bc75c5000-7f0bc75eb000 r-xp 00000000 103:06 5771024                   /lib/x86_64-linux-gnu/ld-2.23.so
7f0bc75eb000-7f0bc75ec000 r--s 00004000 103:06 1582361                   /usr/local/MATLAB/R2018b/java/jarext/axis2/axis2-transport-local.jar
7f0bc75ec000-7f0bc75f0000 r--s 00038000 103:06 1582067                   /usr/local/MATLAB/R2018b/java/jarext/commons-lang.jar
7f0bc75f0000-7f0bc75f4000 r--s 0002a000 103:06 1582371                   /usr/local/MATLAB/R2018b/java/jarext/commons-io.jar
7f0bc75f4000-7f0bc76c6000 rw-p 00000000 00:00 0 
7f0bc76c6000-7f0bc76c9000 ---p 00000000 00:00 0 
7f0bc76c9000-7f0bc77cb000 rw-p 00000000 00:00 0 
7f0bc77cb000-7f0bc77cd000 r--s 0000d000 103:06 1582097                   /usr/local/MATLAB/R2018b/java/jarext/commons-logging.jar
7f0bc77cd000-7f0bc77cf000 r--s 0000a000 103:06 1582254                   /usr/local/MATLAB/R2018b/java/jarext/commons-codec.jar
7f0bc77cf000-7f0bc77d0000 r--s 00008000 103:06 1582370                   /usr/local/MATLAB/R2018b/java/jarext/commons-cli.jar
7f0bc77d0000-7f0bc77d3000 r--s 00008000 103:06 1582033                   /usr/local/MATLAB/R2018b/java/jarext/webservices/ws_client_core/mw-service-client-core.jar
7f0bc77d3000-7f0bc77d4000 r--s 00002000 103:06 1582026                   /usr/local/MATLAB/R2018b/java/jarext/webservices/udc_client/udc_client.jar
7f0bc77d4000-7f0bc77d6000 r--s 00003000 103:06 2378627                   /usr/local/MATLAB/R2018b/java/jar/webproxy.jar
7f0bc77d6000-7f0bc77d8000 r--s 00005000 103:06 2378251                   /usr/local/MATLAB/R2018b/java/jar/net.jar
7f0bc77d8000-7f0bc77dd000 r--s 00037000 103:06 2378175                   /usr/local/MATLAB/R2018b/java/jar/mlwebservices.jar
7f0bc77dd000-7f0bc77df000 r--s 00008000 103:06 2378798                   /usr/local/MATLAB/R2018b/java/jar/fatalexit.jar
7f0bc77df000-7f0bc77e7000 rw-s 00000000 103:06 3801510                   /tmp/hsperfdata_root/9794
7f0bc77e7000-7f0bc77e8000 rw-p 00000000 00:00 0 
7f0bc77e8000-7f0bc77e9000 ---p 00000000 00:00 0 
7f0bc77e9000-7f0bc77ea000 rw-p 00000000 00:00 0 
7f0bc77ea000-7f0bc77eb000 r--p 00025000 103:06 5771024                   /lib/x86_64-linux-gnu/ld-2.23.so
7f0bc77eb000-7f0bc77ec000 rw-p 00026000 103:06 5771024                   /lib/x86_64-linux-gnu/ld-2.23.so
7f0bc77ec000-7f0bc77ed000 rw-p 00000000 00:00 0 
7ffcabc41000-7ffcabc63000 rw-p 00000000 00:00 0                          [stack]
7ffcabd14000-7ffcabd17000 r--p 00000000 00:00 0                          [vvar]
7ffcabd17000-7ffcabd19000 r-xp 00000000 00:00 0                          [vdso]
ffffffffff600000-ffffffffff601000 r-xp 00000000 00:00 0                  [vsyscall]

VM Arguments:
java_command: com.mathworks.fatalexit.FatalExitFrame /home/cc/matlab_crash_dump.11555-1 -segvURL https://udc-service.mathworks.com/udc/service/v1 -logfile Java Crash Report=/home/cc/hs_error_pid11555.log -logfile Java Log=/home/cc/java.log.11555
java_class_path (initial): /usr/local/MATLAB/R2018b/java/jar/fatalexit.jar:/usr/local/MATLAB/R2018b/java/jar/mlwebservices.jar:/usr/local/MATLAB/R2018b/java/jar/net.jar:/usr/local/MATLAB/R2018b/java/jar/webproxy.jar:/usr/local/MATLAB/R2018b/java/jarext/webservices/udc_client/udc_client.jar:/usr/local/MATLAB/R2018b/java/jarext/webservices/urlmanager/urlmanager.jar:/usr/local/MATLAB/R2018b/java/jarext/webservices/ws_client_core/mw-service-client-core.jar:/usr/local/MATLAB/R2018b/java/jarext/commons-cli.jar:/usr/local/MATLAB/R2018b/java/jarext/commons-codec.jar:/usr/local/MATLAB/R2018b/java/jarext/commons-io.jar:/usr/local/MATLAB/R2018b/java/jarext/commons-lang.jar:/usr/local/MATLAB/R2018b/java/jarext/commons-logging.jar:/usr/local/MATLAB/R2018b/java/jarext/jgoodies-looks.jar:/usr/local/MATLAB/R2018b/java/jarext/axis2/activation.jar:/usr/local/MATLAB/R2018b/java/jarext/axis2/axiom-api.jar:/usr/local/MATLAB/R2018b/java/jarext/axis2/axiom-impl.jar:/usr/local/MATLAB/R2018b/java/jarext/axis2/axis2-adb.jar:/usr/local/MATLAB/R2018b/java/jarext/axis2/axis2-kernel.jar:/usr/local/MATLAB/R2018b/java/jarext/axis2/axis2-transport-http.jar:/usr/local/MATLAB/R2018b/java/jarext/axis2/axis2-transport-local.jar:/usr/local/MATLAB/R2018b/java/jarext/axis2/commons-httpclient.jar:/usr/local/MATLAB/R2018b/java/jarext/axis2/geronimo-stax-api.jar:/usr/local/MATLAB/R2018b/java/jarext/axis2/httpcore.jar:/usr/local/MATLAB/R2018b/java/jarext/axis2/mail.jar:/usr/local/MATLAB/R2018b/java/jarext/axis2/neethi.jar:/usr/local/MATLAB/R2018b/java/jarext/axis2/wsdl4j.jar:/usr/local/MATLAB/R2018b/java/jarext/axis2/wstx-asl.jar:/usr/local/MATLAB/R2018b/java/jarext/axis2/XmlSchema.jar:/usr/local/MATLAB/R2018b/java/jar/ja_JP/fatalexit_res.jar:/usr/local/MATLAB/R2018b/java/jar/zh_CN/fatalexit_res.jar:/usr/local/MATLAB/R2018b/java/jar.ko_KR/fatalexit_res.jar
Launcher Type: SUN_STANDARD

Environment Variables:
PATH=/usr/local/sbin:/usr/local/bin:/usr/sbin:/usr/bin:/sbin:/bin:/snap/bin
USERNAME=root
LD_LIBRARY_PATH=/usr/local/MATLAB/R2018b/sys/java/jre/glnxa64/jre/lib/amd64/server:/usr/local/MATLAB/R2018b/sys/java/jre/glnxa64/jre/lib/amd64:/usr/local/MATLAB/R2018b/sys/java/jre/glnxa64/jre/../lib/amd64:/usr/local/MATLAB/R2018b/sys/opengl/lib/glnxa64:/usr/local/MATLAB/R2018b/sys/os/glnxa64:/usr/local/MATLAB/R2018b/bin/glnxa64:/usr/local/MATLAB/R2018b/extern/lib/glnxa64:/usr/local/MATLAB/R2018b/runtime/glnxa64:/usr/local/MATLAB/R2018b/sys/java/jre/glnxa64/jre/lib/amd64/native_threads:/usr/local/MATLAB/R2018b/sys/java/jre/glnxa64/jre/lib/amd64/server
SHELL=/bin/bash
DISPLAY=:0
ARCH=glnxa64

Signal Handlers:
SIGSEGV: [libjvm.so+0xacfec0], sa_mask[0]=11111111011111111101111111111110, sa_flags=SA_RESTART|SA_SIGINFO
SIGBUS: [libjvm.so+0xacfec0], sa_mask[0]=11111111011111111101111111111110, sa_flags=SA_RESTART|SA_SIGINFO
SIGFPE: [libjvm.so+0x927e60], sa_mask[0]=11111111011111111101111111111110, sa_flags=SA_RESTART|SA_SIGINFO
SIGPIPE: [libjvm.so+0x927e60], sa_mask[0]=11111111011111111101111111111110, sa_flags=SA_RESTART|SA_SIGINFO
SIGXFSZ: [libjvm.so+0x927e60], sa_mask[0]=11111111011111111101111111111110, sa_flags=SA_RESTART|SA_SIGINFO
SIGILL: [libjvm.so+0x927e60], sa_mask[0]=11111111011111111101111111111110, sa_flags=SA_RESTART|SA_SIGINFO
SIGUSR1: SIG_DFL, sa_mask[0]=00000000000000000000000000000000, sa_flags=none
SIGUSR2: [libjvm.so+0x9296a0], sa_mask[0]=01000000000010000001000000010000, sa_flags=SA_RESTART|SA_SIGINFO
SIGHUP: [libjvm.so+0x92aaa0], sa_mask[0]=11111111011111111101111111111110, sa_flags=SA_RESTART|SA_SIGINFO
SIGINT: [libjvm.so+0x92aaa0], sa_mask[0]=11111111011111111101111111111110, sa_flags=SA_RESTART|SA_SIGINFO
SIGTERM: [libjvm.so+0x92aaa0], sa_mask[0]=11111111011111111101111111111110, sa_flags=SA_RESTART|SA_SIGINFO
SIGQUIT: [libjvm.so+0x92aaa0], sa_mask[0]=11111111011111111101111111111110, sa_flags=SA_RESTART|SA_SIGINFO


---------------  S Y S T E M  ---------------

OS:DISTRIB_ID=Ubuntu
DISTRIB_RELEASE=16.04
DISTRIB_CODENAME=xenial
DISTRIB_DESCRIPTION="Ubuntu 16.04.7 LTS"

uname:Linux 4.15.0-142-generic #146~16.04.1-Ubuntu SMP Tue Apr 13 09:27:15 UTC 2021 x86_64
libc:glibc 2.23 NPTL 2.23 
rlimit: STACK 8192k, CORE 0k, NPROC 515148, NOFILE 1048576, AS infinity
load average:60.43 31.24 13.57

/proc/meminfo:
MemTotal:       131940156 kB
MemFree:          351448 kB
MemAvailable:          0 kB
Buffers:            4556 kB
Cached:            32932 kB
SwapCached:        17512 kB
Active:         124975580 kB
Inactive:        5213444 kB
Active(anon):   124962684 kB
Inactive(anon):  5200644 kB
Active(file):      12896 kB
Inactive(file):    12800 kB
Unevictable:         192 kB
Mlocked:             192 kB
SwapTotal:      134130684 kB
SwapFree:              0 kB
Dirty:                16 kB
Writeback:       1653800 kB
AnonPages:      130136572 kB
Mapped:            24060 kB
Shmem:              8752 kB
Slab:             349176 kB
SReclaimable:     162380 kB
SUnreclaim:       186796 kB
KernelStack:       30096 kB
PageTables:       595768 kB
NFS_Unstable:          0 kB
Bounce:                0 kB
WritebackTmp:          0 kB
CommitLimit:    200100760 kB
Committed_AS:   221817632 kB
VmallocTotal:   34359738367 kB
VmallocUsed:           0 kB
VmallocChunk:          0 kB
HardwareCorrupted:     0 kB
AnonHugePages:         0 kB
ShmemHugePages:        0 kB
ShmemPmdMapped:        0 kB
CmaTotal:              0 kB
CmaFree:               0 kB
HugePages_Total:       0
HugePages_Free:        0
HugePages_Rsvd:        0
HugePages_Surp:        0
Hugepagesize:       2048 kB
DirectMap4k:     1605780 kB
DirectMap2M:    122040320 kB
DirectMap1G:    10485760 kB


CPU:total 32 (initial active 32) (8 cores per cpu, 2 threads per core) family 6 model 63 stepping 2, cmov, cx8, fxsr, mmx, sse, sse2, sse3, ssse3, sse4.1, sse4.2, popcnt, avx, avx2, aes, clmul, erms, lzcnt, ht, tsc, tscinvbit, bmi1, bmi2

/proc/cpuinfo:
processor	: 0
vendor_id	: GenuineIntel
cpu family	: 6
model		: 63
model name	: Intel(R) Xeon(R) CPU E5-2630 v3 @ 2.40GHz
stepping	: 2
microcode	: 0x44
cpu MHz		: 2048.357
cache size	: 20480 KB
physical id	: 0
siblings	: 16
core id		: 0
cpu cores	: 8
apicid		: 0
initial apicid	: 0
fpu		: yes
fpu_exception	: yes
cpuid level	: 15
wp		: yes
flags		: fpu vme de pse tsc msr pae mce cx8 apic sep mtrr pge mca cmov pat pse36 clflush dts acpi mmx fxsr sse sse2 ss ht tm pbe syscall nx pdpe1gb rdtscp lm constant_tsc arch_perfmon pebs bts rep_good nopl xtopology nonstop_tsc cpuid aperfmperf pni pclmulqdq dtes64 monitor ds_cpl vmx smx est tm2 ssse3 sdbg fma cx16 xtpr pdcm pcid dca sse4_1 sse4_2 x2apic movbe popcnt tsc_deadline_timer aes xsave avx f16c rdrand lahf_lm abm cpuid_fault epb invpcid_single pti intel_ppin ssbd ibrs ibpb stibp tpr_shadow vnmi flexpriority ept vpid fsgsbase tsc_adjust bmi1 avx2 smep bmi2 erms invpcid cqm xsaveopt cqm_llc cqm_occup_llc dtherm ida arat pln pts md_clear flush_l1d
bugs		: cpu_meltdown spectre_v1 spectre_v2 spec_store_bypass l1tf mds swapgs itlb_multihit
bogomips	: 4788.68
clflush size	: 64
cache_alignment	: 64
address sizes	: 46 bits physical, 48 bits virtual
power management:

processor	: 1
vendor_id	: GenuineIntel
cpu family	: 6
model		: 63
model name	: Intel(R) Xeon(R) CPU E5-2630 v3 @ 2.40GHz
stepping	: 2
microcode	: 0x44
cpu MHz		: 2608.192
cache size	: 20480 KB
physical id	: 0
siblings	: 16
core id		: 1
cpu cores	: 8
apicid		: 2
initial apicid	: 2
fpu		: yes
fpu_exception	: yes
cpuid level	: 15
wp		: yes
flags		: fpu vme de pse tsc msr pae mce cx8 apic sep mtrr pge mca cmov pat pse36 clflush dts acpi mmx fxsr sse sse2 ss ht tm pbe syscall nx pdpe1gb rdtscp lm constant_tsc arch_perfmon pebs bts rep_good nopl xtopology nonstop_tsc cpuid aperfmperf pni pclmulqdq dtes64 monitor ds_cpl vmx smx est tm2 ssse3 sdbg fma cx16 xtpr pdcm pcid dca sse4_1 sse4_2 x2apic movbe popcnt tsc_deadline_timer aes xsave avx f16c rdrand lahf_lm abm cpuid_fault epb invpcid_single pti intel_ppin ssbd ibrs ibpb stibp tpr_shadow vnmi flexpriority ept vpid fsgsbase tsc_adjust bmi1 avx2 smep bmi2 erms invpcid cqm xsaveopt cqm_llc cqm_occup_llc dtherm ida arat pln pts md_clear flush_l1d
bugs		: cpu_meltdown spectre_v1 spectre_v2 spec_store_bypass l1tf mds swapgs itlb_multihit
bogomips	: 4788.68
clflush size	: 64
cache_alignment	: 64
address sizes	: 46 bits physical, 48 bits virtual
power management:

processor	: 2
vendor_id	: GenuineIntel
cpu family	: 6
model		: 63
model name	: Intel(R) Xeon(R) CPU E5-2630 v3 @ 2.40GHz
stepping	: 2
microcode	: 0x44
cpu MHz		: 2604.788
cache size	: 20480 KB
physical id	: 0
siblings	: 16
core id		: 2
cpu cores	: 8
apicid		: 4
initial apicid	: 4
fpu		: yes
fpu_exception	: yes
cpuid level	: 15
wp		: yes
flags		: fpu vme de pse tsc msr pae mce cx8 apic sep mtrr pge mca cmov pat pse36 clflush dts acpi mmx fxsr sse sse2 ss ht tm pbe syscall nx pdpe1gb rdtscp lm constant_tsc arch_perfmon pebs bts rep_good nopl xtopology nonstop_tsc cpuid aperfmperf pni pclmulqdq dtes64 monitor ds_cpl vmx smx est tm2 ssse3 sdbg fma cx16 xtpr pdcm pcid dca sse4_1 sse4_2 x2apic movbe popcnt tsc_deadline_timer aes xsave avx f16c rdrand lahf_lm abm cpuid_fault epb invpcid_single pti intel_ppin ssbd ibrs ibpb stibp tpr_shadow vnmi flexpriority ept vpid fsgsbase tsc_adjust bmi1 avx2 smep bmi2 erms invpcid cqm xsaveopt cqm_llc cqm_occup_llc dtherm ida arat pln pts md_clear flush_l1d
bugs		: cpu_meltdown spectre_v1 spectre_v2 spec_store_bypass l1tf mds swapgs itlb_multihit
bogomips	: 4788.68
clflush size	: 64
cache_alignment	: 64
address sizes	: 46 bits physical, 48 bits virtual
power management:

processor	: 3
vendor_id	: GenuineIntel
cpu family	: 6
model		: 63
model name	: Intel(R) Xeon(R) CPU E5-2630 v3 @ 2.40GHz
stepping	: 2
microcode	: 0x44
cpu MHz		: 2593.869
cache size	: 20480 KB
physical id	: 0
siblings	: 16
core id		: 3
cpu cores	: 8
apicid		: 6
initial apicid	: 6
fpu		: yes
fpu_exception	: yes
cpuid level	: 15
wp		: yes
flags		: fpu vme de pse tsc msr pae mce cx8 apic sep mtrr pge mca cmov pat pse36 clflush dts acpi mmx fxsr sse sse2 ss ht tm pbe syscall nx pdpe1gb rdtscp lm constant_tsc arch_perfmon pebs bts rep_good nopl xtopology nonstop_tsc cpuid aperfmperf pni pclmulqdq dtes64 monitor ds_cpl vmx smx est tm2 ssse3 sdbg fma cx16 xtpr pdcm pcid dca sse4_1 sse4_2 x2apic movbe popcnt tsc_deadline_timer aes xsave avx f16c rdrand lahf_lm abm cpuid_fault epb invpcid_single pti intel_ppin ssbd ibrs ibpb stibp tpr_shadow vnmi flexpriority ept vpid fsgsbase tsc_adjust bmi1 avx2 smep bmi2 erms invpcid cqm xsaveopt cqm_llc cqm_occup_llc dtherm ida arat pln pts md_clear flush_l1d
bugs		: cpu_meltdown spectre_v1 spectre_v2 spec_store_bypass l1tf mds swapgs itlb_multihit
bogomips	: 4788.68
clflush size	: 64
cache_alignment	: 64
address sizes	: 46 bits physical, 48 bits virtual
power management:

processor	: 4
vendor_id	: GenuineIntel
cpu family	: 6
model		: 63
model name	: Intel(R) Xeon(R) CPU E5-2630 v3 @ 2.40GHz
stepping	: 2
microcode	: 0x44
cpu MHz		: 2593.832
cache size	: 20480 KB
physical id	: 0
siblings	: 16
core id		: 4
cpu cores	: 8
apicid		: 8
initial apicid	: 8
fpu		: yes
fpu_exception	: yes
cpuid level	: 15
wp		: yes
flags		: fpu vme de pse tsc msr pae mce cx8 apic sep mtrr pge mca cmov pat pse36 clflush dts acpi mmx fxsr sse sse2 ss ht tm pbe syscall nx pdpe1gb rdtscp lm constant_tsc arch_perfmon pebs bts rep_good nopl xtopology nonstop_tsc cpuid aperfmperf pni pclmulqdq dtes64 monitor ds_cpl vmx smx est tm2 ssse3 sdbg fma cx16 xtpr pdcm pcid dca sse4_1 sse4_2 x2apic movbe popcnt tsc_deadline_timer aes xsave avx f16c rdrand lahf_lm abm cpuid_fault epb invpcid_single pti intel_ppin ssbd ibrs ibpb stibp tpr_shadow vnmi flexpriority ept vpid fsgsbase tsc_adjust bmi1 avx2 smep bmi2 erms invpcid cqm xsaveopt cqm_llc cqm_occup_llc dtherm ida arat pln pts md_clear flush_l1d
bugs		: cpu_meltdown spectre_v1 spectre_v2 spec_store_bypass l1tf mds swapgs itlb_multihit
bogomips	: 4788.68
clflush size	: 64
cache_alignment	: 64
address sizes	: 46 bits physical, 48 bits virtual
power management:

processor	: 5
vendor_id	: GenuineIntel
cpu family	: 6
model		: 63
model name	: Intel(R) Xeon(R) CPU E5-2630 v3 @ 2.40GHz
stepping	: 2
microcode	: 0x44
cpu MHz		: 2609.341
cache size	: 20480 KB
physical id	: 0
siblings	: 16
core id		: 5
cpu cores	: 8
apicid		: 10
initial apicid	: 10
fpu		: yes
fpu_exception	: yes
cpuid level	: 15
wp		: yes
flags		: fpu vme de pse tsc msr pae mce cx8 apic sep mtrr pge mca cmov pat pse36 clflush dts acpi mmx fxsr sse sse2 ss ht tm pbe syscall nx pdpe1gb rdtscp lm constant_tsc arch_perfmon pebs bts rep_good nopl xtopology nonstop_tsc cpuid aperfmperf pni pclmulqdq dtes64 monitor ds_cpl vmx smx est tm2 ssse3 sdbg fma cx16 xtpr pdcm pcid dca sse4_1 sse4_2 x2apic movbe popcnt tsc_deadline_timer aes xsave avx f16c rdrand lahf_lm abm cpuid_fault epb invpcid_single pti intel_ppin ssbd ibrs ibpb stibp tpr_shadow vnmi flexpriority ept vpid fsgsbase tsc_adjust bmi1 avx2 smep bmi2 erms invpcid cqm xsaveopt cqm_llc cqm_occup_llc dtherm ida arat pln pts md_clear flush_l1d
bugs		: cpu_meltdown spectre_v1 spectre_v2 spec_store_bypass l1tf mds swapgs itlb_multihit
bogomips	: 4788.68
clflush size	: 64
cache_alignment	: 64
address sizes	: 46 bits physical, 48 bits virtual
power management:

processor	: 6
vendor_id	: GenuineIntel
cpu family	: 6
model		: 63
model name	: Intel(R) Xeon(R) CPU E5-2630 v3 @ 2.40GHz
stepping	: 2
microcode	: 0x44
cpu MHz		: 2296.368
cache size	: 20480 KB
physical id	: 0
siblings	: 16
core id		: 6
cpu cores	: 8
apicid		: 12
initial apicid	: 12
fpu		: yes
fpu_exception	: yes
cpuid level	: 15
wp		: yes
flags		: fpu vme de pse tsc msr pae mce cx8 apic sep mtrr pge mca cmov pat pse36 clflush dts acpi mmx fxsr sse sse2 ss ht tm pbe syscall nx pdpe1gb rdtscp lm constant_tsc arch_perfmon pebs bts rep_good nopl xtopology nonstop_tsc cpuid aperfmperf pni pclmulqdq dtes64 monitor ds_cpl vmx smx est tm2 ssse3 sdbg fma cx16 xtpr pdcm pcid dca sse4_1 sse4_2 x2apic movbe popcnt tsc_deadline_timer aes xsave avx f16c rdrand lahf_lm abm cpuid_fault epb invpcid_single pti intel_ppin ssbd ibrs ibpb stibp tpr_shadow vnmi flexpriority ept vpid fsgsbase tsc_adjust bmi1 avx2 smep bmi2 erms invpcid cqm xsaveopt cqm_llc cqm_occup_llc dtherm ida arat pln pts md_clear flush_l1d
bugs		: cpu_meltdown spectre_v1 spectre_v2 spec_store_bypass l1tf mds swapgs itlb_multihit
bogomips	: 4788.68
clflush size	: 64
cache_alignment	: 64
address sizes	: 46 bits physical, 48 bits virtual
power management:

processor	: 7
vendor_id	: GenuineIntel
cpu family	: 6
model		: 63
model name	: Intel(R) Xeon(R) CPU E5-2630 v3 @ 2.40GHz
stepping	: 2
microcode	: 0x44
cpu MHz		: 2593.909
cache size	: 20480 KB
physical id	: 0
siblings	: 16
core id		: 7
cpu cores	: 8
apicid		: 14
initial apicid	: 14
fpu		: yes
fpu_exception	: yes
cpuid level	: 15
wp		: yes
flags		: fpu vme de pse tsc msr pae mce cx8 apic sep mtrr pge mca cmov pat pse36 clflush dts acpi mmx fxsr sse sse2 ss ht tm pbe syscall nx pdpe1gb rdtscp lm constant_tsc arch_perfmon pebs bts rep_good nopl xtopology nonstop_tsc cpuid aperfmperf pni pclmulqdq dtes64 monitor ds_cpl vmx smx est tm2 ssse3 sdbg fma cx16 xtpr pdcm pcid dca sse4_1 sse4_2 x2apic movbe popcnt tsc_deadline_timer aes xsave avx f16c rdrand lahf_lm abm cpuid_fault epb invpcid_single pti intel_ppin ssbd ibrs ibpb stibp tpr_shadow vnmi flexpriority ept vpid fsgsbase tsc_adjust bmi1 avx2 smep bmi2 erms invpcid cqm xsaveopt cqm_llc cqm_occup_llc dtherm ida arat pln pts md_clear flush_l1d
bugs		: cpu_meltdown spectre_v1 spectre_v2 spec_store_bypass l1tf mds swapgs itlb_multihit
bogomips	: 4788.68
clflush size	: 64
cache_alignment	: 64
address sizes	: 46 bits physical, 48 bits virtual
power management:

processor	: 8
vendor_id	: GenuineIntel
cpu family	: 6
model		: 63
model name	: Intel(R) Xeon(R) CPU E5-2630 v3 @ 2.40GHz
stepping	: 2
microcode	: 0x44
cpu MHz		: 2176.888
cache size	: 20480 KB
physical id	: 1
siblings	: 16
core id		: 0
cpu cores	: 8
apicid		: 16
initial apicid	: 16
fpu		: yes
fpu_exception	: yes
cpuid level	: 15
wp		: yes
flags		: fpu vme de pse tsc msr pae mce cx8 apic sep mtrr pge mca cmov pat pse36 clflush dts acpi mmx fxsr sse sse2 ss ht tm pbe syscall nx pdpe1gb rdtscp lm constant_tsc arch_perfmon pebs bts rep_good nopl xtopology nonstop_tsc cpuid aperfmperf pni pclmulqdq dtes64 monitor ds_cpl vmx smx est tm2 ssse3 sdbg fma cx16 xtpr pdcm pcid dca sse4_1 sse4_2 x2apic movbe popcnt tsc_deadline_timer aes xsave avx f16c rdrand lahf_lm abm cpuid_fault epb invpcid_single pti intel_ppin ssbd ibrs ibpb stibp tpr_shadow vnmi flexpriority ept vpid fsgsbase tsc_adjust bmi1 avx2 smep bmi2 erms invpcid cqm xsaveopt cqm_llc cqm_occup_llc dtherm ida arat pln pts md_clear flush_l1d
bugs		: cpu_meltdown spectre_v1 spectre_v2 spec_store_bypass l1tf mds swapgs itlb_multihit
bogomips	: 4792.30
clflush size	: 64
cache_alignment	: 64
address sizes	: 46 bits physical, 48 bits virtual
power management:

processor	: 9
vendor_id	: GenuineIntel
cpu family	: 6
model		: 63
model name	: Intel(R) Xeon(R) CPU E5-2630 v3 @ 2.40GHz
stepping	: 2
microcode	: 0x44
cpu MHz		: 2657.309
cache size	: 20480 KB
physical id	: 1
siblings	: 16
core id		: 1
cpu cores	: 8
apicid		: 18
initial apicid	: 18
fpu		: yes
fpu_exception	: yes
cpuid level	: 15
wp		: yes
flags		: fpu vme de pse tsc msr pae mce cx8 apic sep mtrr pge mca cmov pat pse36 clflush dts acpi mmx fxsr sse sse2 ss ht tm pbe syscall nx pdpe1gb rdtscp lm constant_tsc arch_perfmon pebs bts rep_good nopl xtopology nonstop_tsc cpuid aperfmperf pni pclmulqdq dtes64 monitor ds_cpl vmx smx est tm2 ssse3 sdbg fma cx16 xtpr pdcm pcid dca sse4_1 sse4_2 x2apic movbe popcnt tsc_deadline_timer aes xsave avx f16c rdrand lahf_lm abm cpuid_fault epb invpcid_single pti intel_ppin ssbd ibrs ibpb stibp tpr_shadow vnmi flexpriority ept vpid fsgsbase tsc_adjust bmi1 avx2 smep bmi2 erms invpcid cqm xsaveopt cqm_llc cqm_occup_llc dtherm ida arat pln pts md_clear flush_l1d
bugs		: cpu_meltdown spectre_v1 spectre_v2 spec_store_bypass l1tf mds swapgs itlb_multihit
bogomips	: 4792.30
clflush size	: 64
cache_alignment	: 64
address sizes	: 46 bits physical, 48 bits virtual
power management:

processor	: 10
vendor_id	: GenuineIntel
cpu family	: 6
model		: 63
model name	: Intel(R) Xeon(R) CPU E5-2630 v3 @ 2.40GHz
stepping	: 2
microcode	: 0x44
cpu MHz		: 2042.024
cache size	: 20480 KB
physical id	: 1
siblings	: 16
core id		: 2
cpu cores	: 8
apicid		: 20
initial apicid	: 20
fpu		: yes
fpu_exception	: yes
cpuid level	: 15
wp		: yes
flags		: fpu vme de pse tsc msr pae mce cx8 apic sep mtrr pge mca cmov pat pse36 clflush dts acpi mmx fxsr sse sse2 ss ht tm pbe syscall nx pdpe1gb rdtscp lm constant_tsc arch_perfmon pebs bts rep_good nopl xtopology nonstop_tsc cpuid aperfmperf pni pclmulqdq dtes64 monitor ds_cpl vmx smx est tm2 ssse3 sdbg fma cx16 xtpr pdcm pcid dca sse4_1 sse4_2 x2apic movbe popcnt tsc_deadline_timer aes xsave avx f16c rdrand lahf_lm abm cpuid_fault epb invpcid_single pti intel_ppin ssbd ibrs ibpb stibp tpr_shadow vnmi flexpriority ept vpid fsgsbase tsc_adjust bmi1 avx2 smep bmi2 erms invpcid cqm xsaveopt cqm_llc cqm_occup_llc dtherm ida arat pln pts md_clear flush_l1d
bugs		: cpu_meltdown spectre_v1 spectre_v2 spec_store_bypass l1tf mds swapgs itlb_multihit
bogomips	: 4792.30
clflush size	: 64
cache_alignment	: 64
address sizes	: 46 bits physical, 48 bits virtual
power management:

processor	: 11
vendor_id	: GenuineIntel
cpu family	: 6
model		: 63
model name	: Intel(R) Xeon(R) CPU E5-2630 v3 @ 2.40GHz
stepping	: 2
microcode	: 0x44
cpu MHz		: 2403.802
cache size	: 20480 KB
physical id	: 1
siblings	: 16
core id		: 3
cpu cores	: 8
apicid		: 22
initial apicid	: 22
fpu		: yes
fpu_exception	: yes
cpuid level	: 15
wp		: yes
flags		: fpu vme de pse tsc msr pae mce cx8 apic sep mtrr pge mca cmov pat pse36 clflush dts acpi mmx fxsr sse sse2 ss ht tm pbe syscall nx pdpe1gb rdtscp lm constant_tsc arch_perfmon pebs bts rep_good nopl xtopology nonstop_tsc cpuid aperfmperf pni pclmulqdq dtes64 monitor ds_cpl vmx smx est tm2 ssse3 sdbg fma cx16 xtpr pdcm pcid dca sse4_1 sse4_2 x2apic movbe popcnt tsc_deadline_timer aes xsave avx f16c rdrand lahf_lm abm cpuid_fault epb invpcid_single pti intel_ppin ssbd ibrs ibpb stibp tpr_shadow vnmi flexpriority ept vpid fsgsbase tsc_adjust bmi1 avx2 smep bmi2 erms invpcid cqm xsaveopt cqm_llc cqm_occup_llc dtherm ida arat pln pts md_clear flush_l1d
bugs		: cpu_meltdown spectre_v1 spectre_v2 spec_store_bypass l1tf mds swapgs itlb_multihit
bogomips	: 4792.30
clflush size	: 64
cache_alignment	: 64
address sizes	: 46 bits physical, 48 bits virtual
power management:

processor	: 12
vendor_id	: GenuineIntel
cpu family	: 6
model		: 63
model name	: Intel(R) Xeon(R) CPU E5-2630 v3 @ 2.40GHz
stepping	: 2
microcode	: 0x44
cpu MHz		: 1861.684
cache size	: 20480 KB
physical id	: 1
siblings	: 16
core id		: 4
cpu cores	: 8
apicid		: 24
initial apicid	: 24
fpu		: yes
fpu_exception	: yes
cpuid level	: 15
wp		: yes
flags		: fpu vme de pse tsc msr pae mce cx8 apic sep mtrr pge mca cmov pat pse36 clflush dts acpi mmx fxsr sse sse2 ss ht tm pbe syscall nx pdpe1gb rdtscp lm constant_tsc arch_perfmon pebs bts rep_good nopl xtopology nonstop_tsc cpuid aperfmperf pni pclmulqdq dtes64 monitor ds_cpl vmx smx est tm2 ssse3 sdbg fma cx16 xtpr pdcm pcid dca sse4_1 sse4_2 x2apic movbe popcnt tsc_deadline_timer aes xsave avx f16c rdrand lahf_lm abm cpuid_fault epb invpcid_single pti intel_ppin ssbd ibrs ibpb stibp tpr_shadow vnmi flexpriority ept vpid fsgsbase tsc_adjust bmi1 avx2 smep bmi2 erms invpcid cqm xsaveopt cqm_llc cqm_occup_llc dtherm ida arat pln pts md_clear flush_l1d
bugs		: cpu_meltdown spectre_v1 spectre_v2 spec_store_bypass l1tf mds swapgs itlb_multihit
bogomips	: 4792.30
clflush size	: 64
cache_alignment	: 64
address sizes	: 46 bits physical, 48 bits virtual
power management:

processor	: 13
vendor_id	: GenuineIntel
cpu family	: 6
model		: 63
model name	: Intel(R) Xeon(R) CPU E5-2630 v3 @ 2.40GHz
stepping	: 2
microcode	: 0x44
cpu MHz		: 2593.917
cache size	: 20480 KB
physical id	: 1
siblings	: 16
core id		: 5
cpu cores	: 8
apicid		: 26
initial apicid	: 26
fpu		: yes
fpu_exception	: yes
cpuid level	: 15
wp		: yes
flags		: fpu vme de pse tsc msr pae mce cx8 apic sep mtrr pge mca cmov pat pse36 clflush dts acpi mmx fxsr sse sse2 ss ht tm pbe syscall nx pdpe1gb rdtscp lm constant_tsc arch_perfmon pebs bts rep_good nopl xtopology nonstop_tsc cpuid aperfmperf pni pclmulqdq dtes64 monitor ds_cpl vmx smx est tm2 ssse3 sdbg fma cx16 xtpr pdcm pcid dca sse4_1 sse4_2 x2apic movbe popcnt tsc_deadline_timer aes xsave avx f16c rdrand lahf_lm abm cpuid_fault epb invpcid_single pti intel_ppin ssbd ibrs ibpb stibp tpr_shadow vnmi flexpriority ept vpid fsgsbase tsc_adjust bmi1 avx2 smep bmi2 erms invpcid cqm xsaveopt cqm_llc cqm_occup_llc dtherm ida arat pln pts md_clear flush_l1d
bugs		: cpu_meltdown spectre_v1 spectre_v2 spec_store_bypass l1tf mds swapgs itlb_multihit
bogomips	: 4792.30
clflush size	: 64
cache_alignment	: 64
address sizes	: 46 bits physical, 48 bits virtual
power management:

processor	: 14
vendor_id	: GenuineIntel
cpu family	: 6
model		: 63
model name	: Intel(R) Xeon(R) CPU E5-2630 v3 @ 2.40GHz
stepping	: 2
microcode	: 0x44
cpu MHz		: 2653.480
cache size	: 20480 KB
physical id	: 1
siblings	: 16
core id		: 6
cpu cores	: 8
apicid		: 28
initial apicid	: 28
fpu		: yes
fpu_exception	: yes
cpuid level	: 15
wp		: yes
flags		: fpu vme de pse tsc msr pae mce cx8 apic sep mtrr pge mca cmov pat pse36 clflush dts acpi mmx fxsr sse sse2 ss ht tm pbe syscall nx pdpe1gb rdtscp lm constant_tsc arch_perfmon pebs bts rep_good nopl xtopology nonstop_tsc cpuid aperfmperf pni pclmulqdq dtes64 monitor ds_cpl vmx smx est tm2 ssse3 sdbg fma cx16 xtpr pdcm pcid dca sse4_1 sse4_2 x2apic movbe popcnt tsc_deadline_timer aes xsave avx f16c rdrand lahf_lm abm cpuid_fault epb invpcid_single pti intel_ppin ssbd ibrs ibpb stibp tpr_shadow vnmi flexpriority ept vpid fsgsbase tsc_adjust bmi1 avx2 smep bmi2 erms invpcid cqm xsaveopt cqm_llc cqm_occup_llc dtherm ida arat pln pts md_clear flush_l1d
bugs		: cpu_meltdown spectre_v1 spectre_v2 spec_store_bypass l1tf mds swapgs itlb_multihit
bogomips	: 4792.30
clflush size	: 64
cache_alignment	: 64
address sizes	: 46 bits physical, 48 bits virtual
power management:

processor	: 15
vendor_id	: GenuineIntel
cpu family	: 6
model		: 63
model name	: Intel(R) Xeon(R) CPU E5-2630 v3 @ 2.40GHz
stepping	: 2
microcode	: 0x44
cpu MHz		: 2423.736
cache size	: 20480 KB
physical id	: 1
siblings	: 16
core id		: 7
cpu cores	: 8
apicid		: 30
initial apicid	: 30
fpu		: yes
fpu_exception	: yes
cpuid level	: 15
wp		: yes
flags		: fpu vme de pse tsc msr pae mce cx8 apic sep mtrr pge mca cmov pat pse36 clflush dts acpi mmx fxsr sse sse2 ss ht tm pbe syscall nx pdpe1gb rdtscp lm constant_tsc arch_perfmon pebs bts rep_good nopl xtopology nonstop_tsc cpuid aperfmperf pni pclmulqdq dtes64 monitor ds_cpl vmx smx est tm2 ssse3 sdbg fma cx16 xtpr pdcm pcid dca sse4_1 sse4_2 x2apic movbe popcnt tsc_deadline_timer aes xsave avx f16c rdrand lahf_lm abm cpuid_fault epb invpcid_single pti intel_ppin ssbd ibrs ibpb stibp tpr_shadow vnmi flexpriority ept vpid fsgsbase tsc_adjust bmi1 avx2 smep bmi2 erms invpcid cqm xsaveopt cqm_llc cqm_occup_llc dtherm ida arat pln pts md_clear flush_l1d
bugs		: cpu_meltdown spectre_v1 spectre_v2 spec_store_bypass l1tf mds swapgs itlb_multihit
bogomips	: 4792.30
clflush size	: 64
cache_alignment	: 64
address sizes	: 46 bits physical, 48 bits virtual
power management:

processor	: 16
vendor_id	: GenuineIntel
cpu family	: 6
model		: 63
model name	: Intel(R) Xeon(R) CPU E5-2630 v3 @ 2.40GHz
stepping	: 2
microcode	: 0x44
cpu MHz		: 2592.002
cache size	: 20480 KB
physical id	: 0
siblings	: 16
core id		: 0
cpu cores	: 8
apicid		: 1
initial apicid	: 1
fpu		: yes
fpu_exception	: yes
cpuid level	: 15
wp		: yes
flags		: fpu vme de pse tsc msr pae mce cx8 apic sep mtrr pge mca cmov pat pse36 clflush dts acpi mmx fxsr sse sse2 ss ht tm pbe syscall nx pdpe1gb rdtscp lm constant_tsc arch_perfmon pebs bts rep_good nopl xtopology nonstop_tsc cpuid aperfmperf pni pclmulqdq dtes64 monitor ds_cpl vmx smx est tm2 ssse3 sdbg fma cx16 xtpr pdcm pcid dca sse4_1 sse4_2 x2apic movbe popcnt tsc_deadline_timer aes xsave avx f16c rdrand lahf_lm abm cpuid_fault epb invpcid_single pti intel_ppin ssbd ibrs ibpb stibp tpr_shadow vnmi flexpriority ept vpid fsgsbase tsc_adjust bmi1 avx2 smep bmi2 erms invpcid cqm xsaveopt cqm_llc cqm_occup_llc dtherm ida arat pln pts md_clear flush_l1d
bugs		: cpu_meltdown spectre_v1 spectre_v2 spec_store_bypass l1tf mds swapgs itlb_multihit
bogomips	: 4788.68
clflush size	: 64
cache_alignment	: 64
address sizes	: 46 bits physical, 48 bits virtual
power management:

processor	: 17
vendor_id	: GenuineIntel
cpu family	: 6
model		: 63
model name	: Intel(R) Xeon(R) CPU E5-2630 v3 @ 2.40GHz
stepping	: 2
microcode	: 0x44
cpu MHz		: 2595.771
cache size	: 20480 KB
physical id	: 0
siblings	: 16
core id		: 1
cpu cores	: 8
apicid		: 3
initial apicid	: 3
fpu		: yes
fpu_exception	: yes
cpuid level	: 15
wp		: yes
flags		: fpu vme de pse tsc msr pae mce cx8 apic sep mtrr pge mca cmov pat pse36 clflush dts acpi mmx fxsr sse sse2 ss ht tm pbe syscall nx pdpe1gb rdtscp lm constant_tsc arch_perfmon pebs bts rep_good nopl xtopology nonstop_tsc cpuid aperfmperf pni pclmulqdq dtes64 monitor ds_cpl vmx smx est tm2 ssse3 sdbg fma cx16 xtpr pdcm pcid dca sse4_1 sse4_2 x2apic movbe popcnt tsc_deadline_timer aes xsave avx f16c rdrand lahf_lm abm cpuid_fault epb invpcid_single pti intel_ppin ssbd ibrs ibpb stibp tpr_shadow vnmi flexpriority ept vpid fsgsbase tsc_adjust bmi1 avx2 smep bmi2 erms invpcid cqm xsaveopt cqm_llc cqm_occup_llc dtherm ida arat pln pts md_clear flush_l1d
bugs		: cpu_meltdown spectre_v1 spectre_v2 spec_store_bypass l1tf mds swapgs itlb_multihit
bogomips	: 4788.68
clflush size	: 64
cache_alignment	: 64
address sizes	: 46 bits physical, 48 bits virtual
power management:

processor	: 18
vendor_id	: GenuineIntel
cpu family	: 6
model		: 63
model name	: Intel(R) Xeon(R) CPU E5-2630 v3 @ 2.40GHz
stepping	: 2
microcode	: 0x44
cpu MHz		: 2594.305
cache size	: 20480 KB
physical id	: 0
siblings	: 16
core id		: 2
cpu cores	: 8
apicid		: 5
initial apicid	: 5
fpu		: yes
fpu_exception	: yes
cpuid level	: 15
wp		: yes
flags		: fpu vme de pse tsc msr pae mce cx8 apic sep mtrr pge mca cmov pat pse36 clflush dts acpi mmx fxsr sse sse2 ss ht tm pbe syscall nx pdpe1gb rdtscp lm constant_tsc arch_perfmon pebs bts rep_good nopl xtopology nonstop_tsc cpuid aperfmperf pni pclmulqdq dtes64 monitor ds_cpl vmx smx est tm2 ssse3 sdbg fma cx16 xtpr pdcm pcid dca sse4_1 sse4_2 x2apic movbe popcnt tsc_deadline_timer aes xsave avx f16c rdrand lahf_lm abm cpuid_fault epb invpcid_single pti intel_ppin ssbd ibrs ibpb stibp tpr_shadow vnmi flexpriority ept vpid fsgsbase tsc_adjust bmi1 avx2 smep bmi2 erms invpcid cqm xsaveopt cqm_llc cqm_occup_llc dtherm ida arat pln pts md_clear flush_l1d
bugs		: cpu_meltdown spectre_v1 spectre_v2 spec_store_bypass l1tf mds swapgs itlb_multihit
bogomips	: 4788.68
clflush size	: 64
cache_alignment	: 64
address sizes	: 46 bits physical, 48 bits virtual
power management:

processor	: 19
vendor_id	: GenuineIntel
cpu family	: 6
model		: 63
model name	: Intel(R) Xeon(R) CPU E5-2630 v3 @ 2.40GHz
stepping	: 2
microcode	: 0x44
cpu MHz		: 2603.377
cache size	: 20480 KB
physical id	: 0
siblings	: 16
core id		: 3
cpu cores	: 8
apicid		: 7
initial apicid	: 7
fpu		: yes
fpu_exception	: yes
cpuid level	: 15
wp		: yes
flags		: fpu vme de pse tsc msr pae mce cx8 apic sep mtrr pge mca cmov pat pse36 clflush dts acpi mmx fxsr sse sse2 ss ht tm pbe syscall nx pdpe1gb rdtscp lm constant_tsc arch_perfmon pebs bts rep_good nopl xtopology nonstop_tsc cpuid aperfmperf pni pclmulqdq dtes64 monitor ds_cpl vmx smx est tm2 ssse3 sdbg fma cx16 xtpr pdcm pcid dca sse4_1 sse4_2 x2apic movbe popcnt tsc_deadline_timer aes xsave avx f16c rdrand lahf_lm abm cpuid_fault epb invpcid_single pti intel_ppin ssbd ibrs ibpb stibp tpr_shadow vnmi flexpriority ept vpid fsgsbase tsc_adjust bmi1 avx2 smep bmi2 erms invpcid cqm xsaveopt cqm_llc cqm_occup_llc dtherm ida arat pln pts md_clear flush_l1d
bugs		: cpu_meltdown spectre_v1 spectre_v2 spec_store_bypass l1tf mds swapgs itlb_multihit
bogomips	: 4788.68
clflush size	: 64
cache_alignment	: 64
address sizes	: 46 bits physical, 48 bits virtual
power management:

processor	: 20
vendor_id	: GenuineIntel
cpu family	: 6
model		: 63
model name	: Intel(R) Xeon(R) CPU E5-2630 v3 @ 2.40GHz
stepping	: 2
microcode	: 0x44
cpu MHz		: 2603.343
cache size	: 20480 KB
physical id	: 0
siblings	: 16
core id		: 4
cpu cores	: 8
apicid		: 9
initial apicid	: 9
fpu		: yes
fpu_exception	: yes
cpuid level	: 15
wp		: yes
flags		: fpu vme de pse tsc msr pae mce cx8 apic sep mtrr pge mca cmov pat pse36 clflush dts acpi mmx fxsr sse sse2 ss ht tm pbe syscall nx pdpe1gb rdtscp lm constant_tsc arch_perfmon pebs bts rep_good nopl xtopology nonstop_tsc cpuid aperfmperf pni pclmulqdq dtes64 monitor ds_cpl vmx smx est tm2 ssse3 sdbg fma cx16 xtpr pdcm pcid dca sse4_1 sse4_2 x2apic movbe popcnt tsc_deadline_timer aes xsave avx f16c rdrand lahf_lm abm cpuid_fault epb invpcid_single pti intel_ppin ssbd ibrs ibpb stibp tpr_shadow vnmi flexpriority ept vpid fsgsbase tsc_adjust bmi1 avx2 smep bmi2 erms invpcid cqm xsaveopt cqm_llc cqm_occup_llc dtherm ida arat pln pts md_clear flush_l1d
bugs		: cpu_meltdown spectre_v1 spectre_v2 spec_store_bypass l1tf mds swapgs itlb_multihit
bogomips	: 4788.68
clflush size	: 64
cache_alignment	: 64
address sizes	: 46 bits physical, 48 bits virtual
power management:

processor	: 21
vendor_id	: GenuineIntel
cpu family	: 6
model		: 63
model name	: Intel(R) Xeon(R) CPU E5-2630 v3 @ 2.40GHz
stepping	: 2
microcode	: 0x44
cpu MHz		: 2608.926
cache size	: 20480 KB
physical id	: 0
siblings	: 16
core id		: 5
cpu cores	: 8
apicid		: 11
initial apicid	: 11
fpu		: yes
fpu_exception	: yes
cpuid level	: 15
wp		: yes
flags		: fpu vme de pse tsc msr pae mce cx8 apic sep mtrr pge mca cmov pat pse36 clflush dts acpi mmx fxsr sse sse2 ss ht tm pbe syscall nx pdpe1gb rdtscp lm constant_tsc arch_perfmon pebs bts rep_good nopl xtopology nonstop_tsc cpuid aperfmperf pni pclmulqdq dtes64 monitor ds_cpl vmx smx est tm2 ssse3 sdbg fma cx16 xtpr pdcm pcid dca sse4_1 sse4_2 x2apic movbe popcnt tsc_deadline_timer aes xsave avx f16c rdrand lahf_lm abm cpuid_fault epb invpcid_single pti intel_ppin ssbd ibrs ibpb stibp tpr_shadow vnmi flexpriority ept vpid fsgsbase tsc_adjust bmi1 avx2 smep bmi2 erms invpcid cqm xsaveopt cqm_llc cqm_occup_llc dtherm ida arat pln pts md_clear flush_l1d
bugs		: cpu_meltdown spectre_v1 spectre_v2 spec_store_bypass l1tf mds swapgs itlb_multihit
bogomips	: 4788.68
clflush size	: 64
cache_alignment	: 64
address sizes	: 46 bits physical, 48 bits virtual
power management:

processor	: 22
vendor_id	: GenuineIntel
cpu family	: 6
model		: 63
model name	: Intel(R) Xeon(R) CPU E5-2630 v3 @ 2.40GHz
stepping	: 2
microcode	: 0x44
cpu MHz		: 2567.519
cache size	: 20480 KB
physical id	: 0
siblings	: 16
core id		: 6
cpu cores	: 8
apicid		: 13
initial apicid	: 13
fpu		: yes
fpu_exception	: yes
cpuid level	: 15
wp		: yes
flags		: fpu vme de pse tsc msr pae mce cx8 apic sep mtrr pge mca cmov pat pse36 clflush dts acpi mmx fxsr sse sse2 ss ht tm pbe syscall nx pdpe1gb rdtscp lm constant_tsc arch_perfmon pebs bts rep_good nopl xtopology nonstop_tsc cpuid aperfmperf pni pclmulqdq dtes64 monitor ds_cpl vmx smx est tm2 ssse3 sdbg fma cx16 xtpr pdcm pcid dca sse4_1 sse4_2 x2apic movbe popcnt tsc_deadline_timer aes xsave avx f16c rdrand lahf_lm abm cpuid_fault epb invpcid_single pti intel_ppin ssbd ibrs ibpb stibp tpr_shadow vnmi flexpriority ept vpid fsgsbase tsc_adjust bmi1 avx2 smep bmi2 erms invpcid cqm xsaveopt cqm_llc cqm_occup_llc dtherm ida arat pln pts md_clear flush_l1d
bugs		: cpu_meltdown spectre_v1 spectre_v2 spec_store_bypass l1tf mds swapgs itlb_multihit
bogomips	: 4788.68
clflush size	: 64
cache_alignment	: 64
address sizes	: 46 bits physical, 48 bits virtual
power management:

processor	: 23
vendor_id	: GenuineIntel
cpu family	: 6
model		: 63
model name	: Intel(R) Xeon(R) CPU E5-2630 v3 @ 2.40GHz
stepping	: 2
microcode	: 0x44
cpu MHz		: 2594.630
cache size	: 20480 KB
physical id	: 0
siblings	: 16
core id		: 7
cpu cores	: 8
apicid		: 15
initial apicid	: 15
fpu		: yes
fpu_exception	: yes
cpuid level	: 15
wp		: yes
flags		: fpu vme de pse tsc msr pae mce cx8 apic sep mtrr pge mca cmov pat pse36 clflush dts acpi mmx fxsr sse sse2 ss ht tm pbe syscall nx pdpe1gb rdtscp lm constant_tsc arch_perfmon pebs bts rep_good nopl xtopology nonstop_tsc cpuid aperfmperf pni pclmulqdq dtes64 monitor ds_cpl vmx smx est tm2 ssse3 sdbg fma cx16 xtpr pdcm pcid dca sse4_1 sse4_2 x2apic movbe popcnt tsc_deadline_timer aes xsave avx f16c rdrand lahf_lm abm cpuid_fault epb invpcid_single pti intel_ppin ssbd ibrs ibpb stibp tpr_shadow vnmi flexpriority ept vpid fsgsbase tsc_adjust bmi1 avx2 smep bmi2 erms invpcid cqm xsaveopt cqm_llc cqm_occup_llc dtherm ida arat pln pts md_clear flush_l1d
bugs		: cpu_meltdown spectre_v1 spectre_v2 spec_store_bypass l1tf mds swapgs itlb_multihit
bogomips	: 4788.68
clflush size	: 64
cache_alignment	: 64
address sizes	: 46 bits physical, 48 bits virtual
power management:

processor	: 24
vendor_id	: GenuineIntel
cpu family	: 6
model		: 63
model name	: Intel(R) Xeon(R) CPU E5-2630 v3 @ 2.40GHz
stepping	: 2
microcode	: 0x44
cpu MHz		: 2243.530
cache size	: 20480 KB
physical id	: 1
siblings	: 16
core id		: 0
cpu cores	: 8
apicid		: 17
initial apicid	: 17
fpu		: yes
fpu_exception	: yes
cpuid level	: 15
wp		: yes
flags		: fpu vme de pse tsc msr pae mce cx8 apic sep mtrr pge mca cmov pat pse36 clflush dts acpi mmx fxsr sse sse2 ss ht tm pbe syscall nx pdpe1gb rdtscp lm constant_tsc arch_perfmon pebs bts rep_good nopl xtopology nonstop_tsc cpuid aperfmperf pni pclmulqdq dtes64 monitor ds_cpl vmx smx est tm2 ssse3 sdbg fma cx16 xtpr pdcm pcid dca sse4_1 sse4_2 x2apic movbe popcnt tsc_deadline_timer aes xsave avx f16c rdrand lahf_lm abm cpuid_fault epb invpcid_single pti intel_ppin ssbd ibrs ibpb stibp tpr_shadow vnmi flexpriority ept vpid fsgsbase tsc_adjust bmi1 avx2 smep bmi2 erms invpcid cqm xsaveopt cqm_llc cqm_occup_llc dtherm ida arat pln pts md_clear flush_l1d
bugs		: cpu_meltdown spectre_v1 spectre_v2 spec_store_bypass l1tf mds swapgs itlb_multihit
bogomips	: 4792.30
clflush size	: 64
cache_alignment	: 64
address sizes	: 46 bits physical, 48 bits virtual
power management:

processor	: 25
vendor_id	: GenuineIntel
cpu family	: 6
model		: 63
model name	: Intel(R) Xeon(R) CPU E5-2630 v3 @ 2.40GHz
stepping	: 2
microcode	: 0x44
cpu MHz		: 2653.894
cache size	: 20480 KB
physical id	: 1
siblings	: 16
core id		: 1
cpu cores	: 8
apicid		: 19
initial apicid	: 19
fpu		: yes
fpu_exception	: yes
cpuid level	: 15
wp		: yes
flags		: fpu vme de pse tsc msr pae mce cx8 apic sep mtrr pge mca cmov pat pse36 clflush dts acpi mmx fxsr sse sse2 ss ht tm pbe syscall nx pdpe1gb rdtscp lm constant_tsc arch_perfmon pebs bts rep_good nopl xtopology nonstop_tsc cpuid aperfmperf pni pclmulqdq dtes64 monitor ds_cpl vmx smx est tm2 ssse3 sdbg fma cx16 xtpr pdcm pcid dca sse4_1 sse4_2 x2apic movbe popcnt tsc_deadline_timer aes xsave avx f16c rdrand lahf_lm abm cpuid_fault epb invpcid_single pti intel_ppin ssbd ibrs ibpb stibp tpr_shadow vnmi flexpriority ept vpid fsgsbase tsc_adjust bmi1 avx2 smep bmi2 erms invpcid cqm xsaveopt cqm_llc cqm_occup_llc dtherm ida arat pln pts md_clear flush_l1d
bugs		: cpu_meltdown spectre_v1 spectre_v2 spec_store_bypass l1tf mds swapgs itlb_multihit
bogomips	: 4792.30
clflush size	: 64
cache_alignment	: 64
address sizes	: 46 bits physical, 48 bits virtual
power management:

processor	: 26
vendor_id	: GenuineIntel
cpu family	: 6
model		: 63
model name	: Intel(R) Xeon(R) CPU E5-2630 v3 @ 2.40GHz
stepping	: 2
microcode	: 0x44
cpu MHz		: 2342.506
cache size	: 20480 KB
physical id	: 1
siblings	: 16
core id		: 2
cpu cores	: 8
apicid		: 21
initial apicid	: 21
fpu		: yes
fpu_exception	: yes
cpuid level	: 15
wp		: yes
flags		: fpu vme de pse tsc msr pae mce cx8 apic sep mtrr pge mca cmov pat pse36 clflush dts acpi mmx fxsr sse sse2 ss ht tm pbe syscall nx pdpe1gb rdtscp lm constant_tsc arch_perfmon pebs bts rep_good nopl xtopology nonstop_tsc cpuid aperfmperf pni pclmulqdq dtes64 monitor ds_cpl vmx smx est tm2 ssse3 sdbg fma cx16 xtpr pdcm pcid dca sse4_1 sse4_2 x2apic movbe popcnt tsc_deadline_timer aes xsave avx f16c rdrand lahf_lm abm cpuid_fault epb invpcid_single pti intel_ppin ssbd ibrs ibpb stibp tpr_shadow vnmi flexpriority ept vpid fsgsbase tsc_adjust bmi1 avx2 smep bmi2 erms invpcid cqm xsaveopt cqm_llc cqm_occup_llc dtherm ida arat pln pts md_clear flush_l1d
bugs		: cpu_meltdown spectre_v1 spectre_v2 spec_store_bypass l1tf mds swapgs itlb_multihit
bogomips	: 4792.30
clflush size	: 64
cache_alignment	: 64
address sizes	: 46 bits physical, 48 bits virtual
power management:

processor	: 27
vendor_id	: GenuineIntel
cpu family	: 6
model		: 63
model name	: Intel(R) Xeon(R) CPU E5-2630 v3 @ 2.40GHz
stepping	: 2
microcode	: 0x44
cpu MHz		: 2616.556
cache size	: 20480 KB
physical id	: 1
siblings	: 16
core id		: 3
cpu cores	: 8
apicid		: 23
initial apicid	: 23
fpu		: yes
fpu_exception	: yes
cpuid level	: 15
wp		: yes
flags		: fpu vme de pse tsc msr pae mce cx8 apic sep mtrr pge mca cmov pat pse36 clflush dts acpi mmx fxsr sse sse2 ss ht tm pbe syscall nx pdpe1gb rdtscp lm constant_tsc arch_perfmon pebs bts rep_good nopl xtopology nonstop_tsc cpuid aperfmperf pni pclmulqdq dtes64 monitor ds_cpl vmx smx est tm2 ssse3 sdbg fma cx16 xtpr pdcm pcid dca sse4_1 sse4_2 x2apic movbe popcnt tsc_deadline_timer aes xsave avx f16c rdrand lahf_lm abm cpuid_fault epb invpcid_single pti intel_ppin ssbd ibrs ibpb stibp tpr_shadow vnmi flexpriority ept vpid fsgsbase tsc_adjust bmi1 avx2 smep bmi2 erms invpcid cqm xsaveopt cqm_llc cqm_occup_llc dtherm ida arat pln pts md_clear flush_l1d
bugs		: cpu_meltdown spectre_v1 spectre_v2 spec_store_bypass l1tf mds swapgs itlb_multihit
bogomips	: 4792.30
clflush size	: 64
cache_alignment	: 64
address sizes	: 46 bits physical, 48 bits virtual
power management:

processor	: 28
vendor_id	: GenuineIntel
cpu family	: 6
model		: 63
model name	: Intel(R) Xeon(R) CPU E5-2630 v3 @ 2.40GHz
stepping	: 2
microcode	: 0x44
cpu MHz		: 2739.445
cache size	: 20480 KB
physical id	: 1
siblings	: 16
core id		: 4
cpu cores	: 8
apicid		: 25
initial apicid	: 25
fpu		: yes
fpu_exception	: yes
cpuid level	: 15
wp		: yes
flags		: fpu vme de pse tsc msr pae mce cx8 apic sep mtrr pge mca cmov pat pse36 clflush dts acpi mmx fxsr sse sse2 ss ht tm pbe syscall nx pdpe1gb rdtscp lm constant_tsc arch_perfmon pebs bts rep_good nopl xtopology nonstop_tsc cpuid aperfmperf pni pclmulqdq dtes64 monitor ds_cpl vmx smx est tm2 ssse3 sdbg fma cx16 xtpr pdcm pcid dca sse4_1 sse4_2 x2apic movbe popcnt tsc_deadline_timer aes xsave avx f16c rdrand lahf_lm abm cpuid_fault epb invpcid_single pti intel_ppin ssbd ibrs ibpb stibp tpr_shadow vnmi flexpriority ept vpid fsgsbase tsc_adjust bmi1 avx2 smep bmi2 erms invpcid cqm xsaveopt cqm_llc cqm_occup_llc dtherm ida arat pln pts md_clear flush_l1d
bugs		: cpu_meltdown spectre_v1 spectre_v2 spec_store_bypass l1tf mds swapgs itlb_multihit
bogomips	: 4792.30
clflush size	: 64
cache_alignment	: 64
address sizes	: 46 bits physical, 48 bits virtual
power management:

processor	: 29
vendor_id	: GenuineIntel
cpu family	: 6
model		: 63
model name	: Intel(R) Xeon(R) CPU E5-2630 v3 @ 2.40GHz
stepping	: 2
microcode	: 0x44
cpu MHz		: 2658.011
cache size	: 20480 KB
physical id	: 1
siblings	: 16
core id		: 5
cpu cores	: 8
apicid		: 27
initial apicid	: 27
fpu		: yes
fpu_exception	: yes
cpuid level	: 15
wp		: yes
flags		: fpu vme de pse tsc msr pae mce cx8 apic sep mtrr pge mca cmov pat pse36 clflush dts acpi mmx fxsr sse sse2 ss ht tm pbe syscall nx pdpe1gb rdtscp lm constant_tsc arch_perfmon pebs bts rep_good nopl xtopology nonstop_tsc cpuid aperfmperf pni pclmulqdq dtes64 monitor ds_cpl vmx smx est tm2 ssse3 sdbg fma cx16 xtpr pdcm pcid dca sse4_1 sse4_2 x2apic movbe popcnt tsc_deadline_timer aes xsave avx f16c rdrand lahf_lm abm cpuid_fault epb invpcid_single pti intel_ppin ssbd ibrs ibpb stibp tpr_shadow vnmi flexpriority ept vpid fsgsbase tsc_adjust bmi1 avx2 smep bmi2 erms invpcid cqm xsaveopt cqm_llc cqm_occup_llc dtherm ida arat pln pts md_clear flush_l1d
bugs		: cpu_meltdown spectre_v1 spectre_v2 spec_store_bypass l1tf mds swapgs itlb_multihit
bogomips	: 4792.30
clflush size	: 64
cache_alignment	: 64
address sizes	: 46 bits physical, 48 bits virtual
power management:

processor	: 30
vendor_id	: GenuineIntel
cpu family	: 6
model		: 63
model name	: Intel(R) Xeon(R) CPU E5-2630 v3 @ 2.40GHz
stepping	: 2
microcode	: 0x44
cpu MHz		: 2597.583
cache size	: 20480 KB
physical id	: 1
siblings	: 16
core id		: 6
cpu cores	: 8
apicid		: 29
initial apicid	: 29
fpu		: yes
fpu_exception	: yes
cpuid level	: 15
wp		: yes
flags		: fpu vme de pse tsc msr pae mce cx8 apic sep mtrr pge mca cmov pat pse36 clflush dts acpi mmx fxsr sse sse2 ss ht tm pbe syscall nx pdpe1gb rdtscp lm constant_tsc arch_perfmon pebs bts rep_good nopl xtopology nonstop_tsc cpuid aperfmperf pni pclmulqdq dtes64 monitor ds_cpl vmx smx est tm2 ssse3 sdbg fma cx16 xtpr pdcm pcid dca sse4_1 sse4_2 x2apic movbe popcnt tsc_deadline_timer aes xsave avx f16c rdrand lahf_lm abm cpuid_fault epb invpcid_single pti intel_ppin ssbd ibrs ibpb stibp tpr_shadow vnmi flexpriority ept vpid fsgsbase tsc_adjust bmi1 avx2 smep bmi2 erms invpcid cqm xsaveopt cqm_llc cqm_occup_llc dtherm ida arat pln pts md_clear flush_l1d
bugs		: cpu_meltdown spectre_v1 spectre_v2 spec_store_bypass l1tf mds swapgs itlb_multihit
bogomips	: 4792.30
clflush size	: 64
cache_alignment	: 64
address sizes	: 46 bits physical, 48 bits virtual
power management:

processor	: 31
vendor_id	: GenuineIntel
cpu family	: 6
model		: 63
model name	: Intel(R) Xeon(R) CPU E5-2630 v3 @ 2.40GHz
stepping	: 2
microcode	: 0x44
cpu MHz		: 2610.902
cache size	: 20480 KB
physical id	: 1
siblings	: 16
core id		: 7
cpu cores	: 8
apicid		: 31
initial apicid	: 31
fpu		: yes
fpu_exception	: yes
cpuid level	: 15
wp		: yes
flags		: fpu vme de pse tsc msr pae mce cx8 apic sep mtrr pge mca cmov pat pse36 clflush dts acpi mmx fxsr sse sse2 ss ht tm pbe syscall nx pdpe1gb rdtscp lm constant_tsc arch_perfmon pebs bts rep_good nopl xtopology nonstop_tsc cpuid aperfmperf pni pclmulqdq dtes64 monitor ds_cpl vmx smx est tm2 ssse3 sdbg fma cx16 xtpr pdcm pcid dca sse4_1 sse4_2 x2apic movbe popcnt tsc_deadline_timer aes xsave avx f16c rdrand lahf_lm abm cpuid_fault epb invpcid_single pti intel_ppin ssbd ibrs ibpb stibp tpr_shadow vnmi flexpriority ept vpid fsgsbase tsc_adjust bmi1 avx2 smep bmi2 erms invpcid cqm xsaveopt cqm_llc cqm_occup_llc dtherm ida arat pln pts md_clear flush_l1d
bugs		: cpu_meltdown spectre_v1 spectre_v2 spec_store_bypass l1tf mds swapgs itlb_multihit
bogomips	: 4792.30
clflush size	: 64
cache_alignment	: 64
address sizes	: 46 bits physical, 48 bits virtual
power management:



Memory: 4k page, physical 131940156k(350356k free), swap 134130684k(4k free)

vm_info: Java HotSpot(TM) 64-Bit Server VM (25.152-b16) for linux-amd64 JRE (1.8.0_152-b16), built on Sep 14 2017 02:16:14 by "java_re" with gcc 4.3.0 20080428 (Red Hat 4.3.0-8)

time: Thu Apr  7 19:22:39 2022
elapsed time: 8 seconds (0d 0h 0m 8s)

